{"D:\\Second Term\\Capstones\\Individual\\Front-End\\System-atlas\\src\\App.jsx": {"path":"D:\\Second Term\\Capstones\\Individual\\Front-End\\System-atlas\\src\\App.jsx","statementMap":{"0":{"start":{"line":4,"column":2},"end":{"line":7,"column":null}}},"fnMap":{"0":{"name":"App","decl":{"start":{"line":3,"column":9},"end":{"line":3,"column":15}},"loc":{"start":{"line":3,"column":15},"end":{"line":9,"column":null}},"line":3}},"branchMap":{},"s":{"0":0},"f":{"0":0},"b":{},"meta":{"lastBranch":0,"lastFunction":1,"lastStatement":1,"seen":{"f:3:9:3:15":0,"s:4:2:7:Infinity":0},"fnNames":{}}}
,"D:\\Second Term\\Capstones\\Individual\\Front-End\\System-atlas\\src\\Pages\\Auth\\Login\\Login.jsx": {"path":"D:\\Second Term\\Capstones\\Individual\\Front-End\\System-atlas\\src\\Pages\\Auth\\Login\\Login.jsx","statementMap":{"0":{"start":{"line":19,"column":6},"end":{"line":22,"column":null}},"1":{"start":{"line":24,"column":19},"end":{"line":24,"column":31}},"2":{"start":{"line":25,"column":28},"end":{"line":25,"column":null}},"3":{"start":{"line":26,"column":27},"end":{"line":26,"column":35}},"4":{"start":{"line":28,"column":22},"end":{"line":43,"column":null}},"5":{"start":{"line":29,"column":4},"end":{"line":42,"column":null}},"6":{"start":{"line":30,"column":23},"end":{"line":30,"column":null}},"7":{"start":{"line":31,"column":6},"end":{"line":31,"column":null}},"8":{"start":{"line":32,"column":6},"end":{"line":35,"column":null}},"9":{"start":{"line":33,"column":8},"end":{"line":33,"column":null}},"10":{"start":{"line":34,"column":8},"end":{"line":34,"column":null}},"11":{"start":{"line":36,"column":6},"end":{"line":36,"column":null}},"12":{"start":{"line":38,"column":6},"end":{"line":38,"column":null}},"13":{"start":{"line":39,"column":6},"end":{"line":39,"column":null}},"14":{"start":{"line":41,"column":6},"end":{"line":41,"column":null}},"15":{"start":{"line":45,"column":2},"end":{"line":50,"column":null}},"16":{"start":{"line":46,"column":4},"end":{"line":48,"column":null}},"17":{"start":{"line":47,"column":6},"end":{"line":47,"column":null}},"18":{"start":{"line":53,"column":16},"end":{"line":74,"column":null}},"19":{"start":{"line":75,"column":23},"end":{"line":81,"column":null}},"20":{"start":{"line":82,"column":2},"end":{"line":238,"column":null}},"21":{"start":{"line":109,"column":14},"end":{"line":121,"column":null}},"22":{"start":{"line":127,"column":12},"end":{"line":133,"column":null}}},"fnMap":{"0":{"name":"Login","decl":{"start":{"line":14,"column":24},"end":{"line":14,"column":32}},"loc":{"start":{"line":14,"column":32},"end":{"line":240,"column":null}},"line":14},"1":{"name":"(anonymous_1)","decl":{"start":{"line":28,"column":22},"end":{"line":28,"column":29}},"loc":{"start":{"line":28,"column":38},"end":{"line":43,"column":null}},"line":28},"2":{"name":"(anonymous_2)","decl":{"start":{"line":45,"column":2},"end":{"line":45,"column":18}},"loc":{"start":{"line":45,"column":18},"end":{"line":50,"column":5}},"line":45},"3":{"name":"(anonymous_3)","decl":{"start":{"line":46,"column":4},"end":{"line":46,"column":21}},"loc":{"start":{"line":46,"column":21},"end":{"line":48,"column":7}},"line":46},"4":{"name":"(anonymous_4)","decl":{"start":{"line":108,"column":19},"end":{"line":108,"column":24}},"loc":{"start":{"line":109,"column":14},"end":{"line":121,"column":null}},"line":109},"5":{"name":"(anonymous_5)","decl":{"start":{"line":126,"column":24},"end":{"line":126,"column":29}},"loc":{"start":{"line":127,"column":12},"end":{"line":133,"column":null}},"line":127}},"branchMap":{"0":{"loc":{"start":{"line":32,"column":6},"end":{"line":35,"column":null}},"type":"if","locations":[{"start":{"line":32,"column":6},"end":{"line":35,"column":null}},{"start":{},"end":{}}],"line":32},"1":{"loc":{"start":{"line":41,"column":15},"end":{"line":41,"column":75}},"type":"binary-expr","locations":[{"start":{"line":41,"column":15},"end":{"line":41,"column":42}},{"start":{"line":41,"column":42},"end":{"line":41,"column":75}}],"line":41},"2":{"loc":{"start":{"line":149,"column":11},"end":{"line":149,"column":null}},"type":"binary-expr","locations":[{"start":{"line":149,"column":11},"end":{"line":149,"column":20}},{"start":{"line":149,"column":20},"end":{"line":149,"column":null}}],"line":149},"3":{"loc":{"start":{"line":174,"column":15},"end":{"line":177,"column":null}},"type":"binary-expr","locations":[{"start":{"line":174,"column":15},"end":{"line":174,"column":null}},{"start":{"line":175,"column":16},"end":{"line":177,"column":null}}],"line":174},"4":{"loc":{"start":{"line":205,"column":15},"end":{"line":208,"column":null}},"type":"binary-expr","locations":[{"start":{"line":205,"column":15},"end":{"line":205,"column":null}},{"start":{"line":206,"column":16},"end":{"line":208,"column":null}}],"line":205}},"s":{"0":11,"1":11,"2":11,"3":11,"4":11,"5":2,"6":2,"7":1,"8":1,"9":0,"10":0,"11":1,"12":1,"13":1,"14":1,"15":11,"16":5,"17":0,"18":11,"19":11,"20":11,"21":44,"22":55},"f":{"0":11,"1":2,"2":5,"3":0,"4":44,"5":55},"b":{"0":[0,1],"1":[1,0],"2":[11,1],"3":[11,1],"4":[11,0]},"meta":{"lastBranch":5,"lastFunction":6,"lastStatement":23,"seen":{"f:14:24:14:32":0,"s:19:6:22:Infinity":0,"s:24:19:24:31":1,"s:25:28:25:Infinity":2,"s:26:27:26:35":3,"s:28:22:43:Infinity":4,"f:28:22:28:29":1,"s:29:4:42:Infinity":5,"s:30:23:30:Infinity":6,"s:31:6:31:Infinity":7,"b:32:6:35:Infinity:undefined:undefined:undefined:undefined":0,"s:32:6:35:Infinity":8,"s:33:8:33:Infinity":9,"s:34:8:34:Infinity":10,"s:36:6:36:Infinity":11,"s:38:6:38:Infinity":12,"s:39:6:39:Infinity":13,"s:41:6:41:Infinity":14,"b:41:15:41:42:41:42:41:75":1,"s:45:2:50:Infinity":15,"f:45:2:45:18":2,"s:46:4:48:Infinity":16,"f:46:4:46:21":3,"s:47:6:47:Infinity":17,"s:53:16:74:Infinity":18,"s:75:23:81:Infinity":19,"s:82:2:238:Infinity":20,"f:108:19:108:24":4,"s:109:14:121:Infinity":21,"f:126:24:126:29":5,"s:127:12:133:Infinity":22,"b:149:11:149:20:149:20:149:Infinity":2,"b:174:15:174:Infinity:175:16:177:Infinity":3,"b:205:15:205:Infinity:206:16:208:Infinity":4},"fnNames":{}}}
,"D:\\Second Term\\Capstones\\Individual\\Front-End\\System-atlas\\src\\Pages\\ComponentsManagement\\ComponentsManagement.jsx": {"path":"D:\\Second Term\\Capstones\\Individual\\Front-End\\System-atlas\\src\\Pages\\ComponentsManagement\\ComponentsManagement.jsx","statementMap":{"0":{"start":{"line":16,"column":37},"end":{"line":16,"column":47}},"1":{"start":{"line":17,"column":19},"end":{"line":17,"column":31}},"2":{"start":{"line":18,"column":61},"end":{"line":18,"column":74}},"3":{"start":{"line":20,"column":26},"end":{"line":22,"column":null}},"4":{"start":{"line":21,"column":4},"end":{"line":21,"column":null}},"5":{"start":{"line":21,"column":34},"end":{"line":21,"column":55}},"6":{"start":{"line":24,"column":24},"end":{"line":27,"column":null}},"7":{"start":{"line":25,"column":17},"end":{"line":25,"column":null}},"8":{"start":{"line":26,"column":4},"end":{"line":26,"column":null}},"9":{"start":{"line":26,"column":28},"end":{"line":26,"column":47}},"10":{"start":{"line":30,"column":2},"end":{"line":34,"column":null}},"11":{"start":{"line":31,"column":4},"end":{"line":33,"column":null}},"12":{"start":{"line":32,"column":6},"end":{"line":32,"column":null}},"13":{"start":{"line":37,"column":38},"end":{"line":37,"column":null}},"14":{"start":{"line":38,"column":32},"end":{"line":38,"column":null}},"15":{"start":{"line":39,"column":40},"end":{"line":39,"column":null}},"16":{"start":{"line":40,"column":42},"end":{"line":40,"column":null}},"17":{"start":{"line":41,"column":42},"end":{"line":41,"column":null}},"18":{"start":{"line":42,"column":40},"end":{"line":42,"column":null}},"19":{"start":{"line":43,"column":34},"end":{"line":43,"column":null}},"20":{"start":{"line":44,"column":30},"end":{"line":44,"column":null}},"21":{"start":{"line":47,"column":54},"end":{"line":47,"column":null}},"22":{"start":{"line":48,"column":54},"end":{"line":48,"column":null}},"23":{"start":{"line":49,"column":52},"end":{"line":49,"column":null}},"24":{"start":{"line":50,"column":54},"end":{"line":50,"column":null}},"25":{"start":{"line":55,"column":2},"end":{"line":101,"column":null}},"26":{"start":{"line":56,"column":20},"end":{"line":56,"column":null}},"27":{"start":{"line":57,"column":28},"end":{"line":95,"column":null}},"28":{"start":{"line":58,"column":6},"end":{"line":58,"column":null}},"29":{"start":{"line":58,"column":22},"end":{"line":58,"column":null}},"30":{"start":{"line":59,"column":6},"end":{"line":59,"column":null}},"31":{"start":{"line":60,"column":6},"end":{"line":94,"column":null}},"32":{"start":{"line":61,"column":20},"end":{"line":61,"column":null}},"33":{"start":{"line":62,"column":24},"end":{"line":62,"column":null}},"34":{"start":{"line":63,"column":8},"end":{"line":87,"column":null}},"35":{"start":{"line":64,"column":29},"end":{"line":85,"column":null}},"36":{"start":{"line":64,"column":49},"end":{"line":85,"column":12}},"37":{"start":{"line":86,"column":10},"end":{"line":86,"column":null}},"38":{"start":{"line":89,"column":8},"end":{"line":91,"column":null}},"39":{"start":{"line":90,"column":10},"end":{"line":90,"column":null}},"40":{"start":{"line":93,"column":8},"end":{"line":93,"column":null}},"41":{"start":{"line":93,"column":23},"end":{"line":93,"column":null}},"42":{"start":{"line":97,"column":4},"end":{"line":97,"column":null}},"43":{"start":{"line":98,"column":4},"end":{"line":100,"column":null}},"44":{"start":{"line":99,"column":6},"end":{"line":99,"column":null}},"45":{"start":{"line":104,"column":25},"end":{"line":110,"column":null}},"46":{"start":{"line":105,"column":18},"end":{"line":105,"column":null}},"47":{"start":{"line":106,"column":4},"end":{"line":108,"column":null}},"48":{"start":{"line":107,"column":6},"end":{"line":107,"column":null}},"49":{"start":{"line":107,"column":18},"end":{"line":107,"column":null}},"50":{"start":{"line":109,"column":4},"end":{"line":109,"column":null}},"51":{"start":{"line":112,"column":25},"end":{"line":120,"column":null}},"52":{"start":{"line":113,"column":18},"end":{"line":113,"column":null}},"53":{"start":{"line":114,"column":4},"end":{"line":118,"column":null}},"54":{"start":{"line":115,"column":6},"end":{"line":117,"column":null}},"55":{"start":{"line":116,"column":8},"end":{"line":116,"column":null}},"56":{"start":{"line":116,"column":38},"end":{"line":116,"column":50}},"57":{"start":{"line":119,"column":4},"end":{"line":119,"column":null}},"58":{"start":{"line":123,"column":29},"end":{"line":166,"column":null}},"59":{"start":{"line":124,"column":4},"end":{"line":165,"column":null}},"60":{"start":{"line":126,"column":8},"end":{"line":137,"column":null}},"61":{"start":{"line":127,"column":20},"end":{"line":127,"column":null}},"62":{"start":{"line":128,"column":30},"end":{"line":128,"column":null}},"63":{"start":{"line":129,"column":28},"end":{"line":129,"column":null}},"64":{"start":{"line":130,"column":30},"end":{"line":130,"column":null}},"65":{"start":{"line":131,"column":30},"end":{"line":133,"column":null}},"66":{"start":{"line":132,"column":12},"end":{"line":132,"column":null}},"67":{"start":{"line":134,"column":10},"end":{"line":136,"column":null}},"68":{"start":{"line":135,"column":12},"end":{"line":135,"column":null}},"69":{"start":{"line":138,"column":8},"end":{"line":140,"column":null}},"70":{"start":{"line":139,"column":10},"end":{"line":139,"column":null}},"71":{"start":{"line":141,"column":8},"end":{"line":148,"column":null}},"72":{"start":{"line":144,"column":19},"end":{"line":144,"column":null}},"73":{"start":{"line":147,"column":10},"end":{"line":147,"column":null}},"74":{"start":{"line":149,"column":8},"end":{"line":154,"column":null}},"75":{"start":{"line":153,"column":10},"end":{"line":153,"column":null}},"76":{"start":{"line":155,"column":8},"end":{"line":155,"column":null}},"77":{"start":{"line":158,"column":8},"end":{"line":160,"column":null}},"78":{"start":{"line":159,"column":10},"end":{"line":159,"column":null}},"79":{"start":{"line":161,"column":8},"end":{"line":163,"column":null}},"80":{"start":{"line":162,"column":10},"end":{"line":162,"column":null}},"81":{"start":{"line":164,"column":8},"end":{"line":164,"column":null}},"82":{"start":{"line":168,"column":8},"end":{"line":174,"column":null}},"83":{"start":{"line":169,"column":4},"end":{"line":169,"column":null}},"84":{"start":{"line":170,"column":4},"end":{"line":170,"column":null}},"85":{"start":{"line":171,"column":4},"end":{"line":171,"column":null}},"86":{"start":{"line":172,"column":4},"end":{"line":172,"column":null}},"87":{"start":{"line":173,"column":4},"end":{"line":173,"column":null}},"88":{"start":{"line":176,"column":8},"end":{"line":182,"column":null}},"89":{"start":{"line":177,"column":4},"end":{"line":181,"column":null}},"90":{"start":{"line":178,"column":6},"end":{"line":178,"column":null}},"91":{"start":{"line":180,"column":6},"end":{"line":180,"column":null}},"92":{"start":{"line":184,"column":8},"end":{"line":186,"column":null}},"93":{"start":{"line":185,"column":4},"end":{"line":185,"column":null}},"94":{"start":{"line":188,"column":8},"end":{"line":194,"column":null}},"95":{"start":{"line":189,"column":4},"end":{"line":193,"column":null}},"96":{"start":{"line":190,"column":6},"end":{"line":190,"column":null}},"97":{"start":{"line":192,"column":6},"end":{"line":192,"column":null}},"98":{"start":{"line":196,"column":8},"end":{"line":202,"column":null}},"99":{"start":{"line":197,"column":4},"end":{"line":201,"column":null}},"100":{"start":{"line":198,"column":6},"end":{"line":198,"column":null}},"101":{"start":{"line":200,"column":6},"end":{"line":200,"column":null}},"102":{"start":{"line":205,"column":2},"end":{"line":280,"column":null}},"103":{"start":{"line":260,"column":14},"end":{"line":266,"column":null}}},"fnMap":{"0":{"name":"ComponentsManagement","decl":{"start":{"line":15,"column":24},"end":{"line":15,"column":47}},"loc":{"start":{"line":15,"column":47},"end":{"line":282,"column":null}},"line":15},"1":{"name":"(anonymous_1)","decl":{"start":{"line":20,"column":26},"end":{"line":20,"column":40}},"loc":{"start":{"line":20,"column":40},"end":{"line":22,"column":5}},"line":20},"2":{"name":"(anonymous_2)","decl":{"start":{"line":21,"column":22},"end":{"line":21,"column":28}},"loc":{"start":{"line":21,"column":34},"end":{"line":21,"column":55}},"line":21},"3":{"name":"(anonymous_3)","decl":{"start":{"line":24,"column":24},"end":{"line":24,"column":38}},"loc":{"start":{"line":24,"column":38},"end":{"line":27,"column":5}},"line":24},"4":{"name":"(anonymous_4)","decl":{"start":{"line":26,"column":16},"end":{"line":26,"column":22}},"loc":{"start":{"line":26,"column":28},"end":{"line":26,"column":47}},"line":26},"5":{"name":"(anonymous_5)","decl":{"start":{"line":30,"column":2},"end":{"line":30,"column":18}},"loc":{"start":{"line":30,"column":18},"end":{"line":34,"column":5}},"line":30},"6":{"name":"(anonymous_6)","decl":{"start":{"line":55,"column":2},"end":{"line":55,"column":18}},"loc":{"start":{"line":55,"column":18},"end":{"line":101,"column":5}},"line":55},"7":{"name":"(anonymous_7)","decl":{"start":{"line":57,"column":28},"end":{"line":57,"column":40}},"loc":{"start":{"line":57,"column":40},"end":{"line":95,"column":null}},"line":57},"8":{"name":"(anonymous_8)","decl":{"start":{"line":64,"column":37},"end":{"line":64,"column":42}},"loc":{"start":{"line":64,"column":49},"end":{"line":85,"column":12}},"line":64},"9":{"name":"(anonymous_9)","decl":{"start":{"line":98,"column":4},"end":{"line":98,"column":17}},"loc":{"start":{"line":98,"column":17},"end":{"line":100,"column":null}},"line":98},"10":{"name":"(anonymous_10)","decl":{"start":{"line":104,"column":25},"end":{"line":104,"column":39}},"loc":{"start":{"line":104,"column":39},"end":{"line":110,"column":5}},"line":104},"11":{"name":"(anonymous_11)","decl":{"start":{"line":106,"column":15},"end":{"line":106,"column":24}},"loc":{"start":{"line":106,"column":30},"end":{"line":108,"column":5}},"line":106},"12":{"name":"(anonymous_12)","decl":{"start":{"line":112,"column":25},"end":{"line":112,"column":39}},"loc":{"start":{"line":112,"column":39},"end":{"line":120,"column":5}},"line":112},"13":{"name":"(anonymous_13)","decl":{"start":{"line":114,"column":15},"end":{"line":114,"column":24}},"loc":{"start":{"line":114,"column":30},"end":{"line":118,"column":5}},"line":114},"14":{"name":"(anonymous_14)","decl":{"start":{"line":116,"column":23},"end":{"line":116,"column":32}},"loc":{"start":{"line":116,"column":38},"end":{"line":116,"column":50}},"line":116},"15":{"name":"(anonymous_15)","decl":{"start":{"line":123,"column":29},"end":{"line":123,"column":43}},"loc":{"start":{"line":123,"column":43},"end":{"line":166,"column":5}},"line":123},"16":{"name":"(anonymous_16)","decl":{"start":{"line":125,"column":7},"end":{"line":125,"column":15}},"loc":{"start":{"line":125,"column":21},"end":{"line":156,"column":7}},"line":125},"17":{"name":"(anonymous_17)","decl":{"start":{"line":131,"column":46},"end":{"line":131,"column":52}},"loc":{"start":{"line":132,"column":12},"end":{"line":132,"column":null}},"line":132},"18":{"name":"(anonymous_18)","decl":{"start":{"line":143,"column":27},"end":{"line":143,"column":null}},"loc":{"start":{"line":144,"column":19},"end":{"line":144,"column":null}},"line":144},"19":{"name":"(anonymous_19)","decl":{"start":{"line":157,"column":7},"end":{"line":157,"column":13}},"loc":{"start":{"line":157,"column":22},"end":{"line":165,"column":7}},"line":157},"20":{"name":"(anonymous_20)","decl":{"start":{"line":168,"column":8},"end":{"line":168,"column":35}},"loc":{"start":{"line":168,"column":35},"end":{"line":174,"column":null}},"line":168},"21":{"name":"(anonymous_21)","decl":{"start":{"line":176,"column":8},"end":{"line":176,"column":38}},"loc":{"start":{"line":176,"column":38},"end":{"line":182,"column":null}},"line":176},"22":{"name":"(anonymous_22)","decl":{"start":{"line":184,"column":8},"end":{"line":184,"column":25}},"loc":{"start":{"line":184,"column":34},"end":{"line":186,"column":null}},"line":184},"23":{"name":"(anonymous_23)","decl":{"start":{"line":188,"column":8},"end":{"line":188,"column":27}},"loc":{"start":{"line":188,"column":27},"end":{"line":194,"column":null}},"line":188},"24":{"name":"(anonymous_24)","decl":{"start":{"line":196,"column":8},"end":{"line":196,"column":35}},"loc":{"start":{"line":196,"column":35},"end":{"line":202,"column":null}},"line":196},"25":{"name":"(anonymous_25)","decl":{"start":{"line":259,"column":32},"end":{"line":259,"column":37}},"loc":{"start":{"line":260,"column":14},"end":{"line":266,"column":null}},"line":260}},"branchMap":{"0":{"loc":{"start":{"line":21,"column":11},"end":{"line":21,"column":null}},"type":"binary-expr","locations":[{"start":{"line":21,"column":11},"end":{"line":21,"column":60}},{"start":{"line":21,"column":60},"end":{"line":21,"column":null}}],"line":21},"1":{"loc":{"start":{"line":25,"column":17},"end":{"line":25,"column":null}},"type":"binary-expr","locations":[{"start":{"line":25,"column":17},"end":{"line":25,"column":53}},{"start":{"line":25,"column":53},"end":{"line":25,"column":null}}],"line":25},"2":{"loc":{"start":{"line":26,"column":11},"end":{"line":26,"column":null}},"type":"binary-expr","locations":[{"start":{"line":26,"column":11},"end":{"line":26,"column":52}},{"start":{"line":26,"column":52},"end":{"line":26,"column":null}}],"line":26},"3":{"loc":{"start":{"line":31,"column":4},"end":{"line":33,"column":null}},"type":"if","locations":[{"start":{"line":31,"column":4},"end":{"line":33,"column":null}},{"start":{},"end":{}}],"line":31},"4":{"loc":{"start":{"line":31,"column":8},"end":{"line":31,"column":58}},"type":"binary-expr","locations":[{"start":{"line":31,"column":8},"end":{"line":31,"column":23}},{"start":{"line":31,"column":23},"end":{"line":31,"column":58}}],"line":31},"5":{"loc":{"start":{"line":58,"column":6},"end":{"line":58,"column":null}},"type":"if","locations":[{"start":{"line":58,"column":6},"end":{"line":58,"column":null}},{"start":{},"end":{}}],"line":58},"6":{"loc":{"start":{"line":62,"column":24},"end":{"line":62,"column":null}},"type":"binary-expr","locations":[{"start":{"line":62,"column":24},"end":{"line":62,"column":48}},{"start":{"line":62,"column":48},"end":{"line":62,"column":66}},{"start":{"line":62,"column":66},"end":{"line":62,"column":78}},{"start":{"line":62,"column":78},"end":{"line":62,"column":null}}],"line":62},"7":{"loc":{"start":{"line":63,"column":8},"end":{"line":87,"column":null}},"type":"if","locations":[{"start":{"line":63,"column":8},"end":{"line":87,"column":null}},{"start":{},"end":{}}],"line":63},"8":{"loc":{"start":{"line":63,"column":12},"end":{"line":63,"column":71}},"type":"binary-expr","locations":[{"start":{"line":63,"column":12},"end":{"line":63,"column":25}},{"start":{"line":63,"column":25},"end":{"line":63,"column":51}},{"start":{"line":63,"column":51},"end":{"line":63,"column":71}}],"line":63},"9":{"loc":{"start":{"line":65,"column":17},"end":{"line":65,"column":null}},"type":"binary-expr","locations":[{"start":{"line":65,"column":17},"end":{"line":65,"column":26}},{"start":{"line":65,"column":26},"end":{"line":65,"column":null}}],"line":65},"10":{"loc":{"start":{"line":66,"column":18},"end":{"line":66,"column":null}},"type":"binary-expr","locations":[{"start":{"line":66,"column":18},"end":{"line":66,"column":28}},{"start":{"line":66,"column":28},"end":{"line":66,"column":null}}],"line":66},"11":{"loc":{"start":{"line":67,"column":18},"end":{"line":69,"column":null}},"type":"cond-expr","locations":[{"start":{"line":68,"column":16},"end":{"line":68,"column":null}},{"start":{"line":69,"column":16},"end":{"line":69,"column":null}}],"line":67},"12":{"loc":{"start":{"line":70,"column":27},"end":{"line":70,"column":null}},"type":"binary-expr","locations":[{"start":{"line":70,"column":27},"end":{"line":70,"column":37}},{"start":{"line":70,"column":37},"end":{"line":70,"column":null}}],"line":70},"13":{"loc":{"start":{"line":72,"column":14},"end":{"line":74,"column":null}},"type":"binary-expr","locations":[{"start":{"line":72,"column":14},"end":{"line":72,"column":null}},{"start":{"line":73,"column":14},"end":{"line":73,"column":null}},{"start":{"line":74,"column":14},"end":{"line":74,"column":null}}],"line":72},"14":{"loc":{"start":{"line":75,"column":12},"end":{"line":78,"column":null}},"type":"binary-expr","locations":[{"start":{"line":76,"column":15},"end":{"line":76,"column":null}},{"start":{"line":77,"column":14},"end":{"line":77,"column":null}},{"start":{"line":78,"column":14},"end":{"line":78,"column":null}}],"line":75},"15":{"loc":{"start":{"line":79,"column":26},"end":{"line":79,"column":null}},"type":"cond-expr","locations":[{"start":{"line":79,"column":58},"end":{"line":79,"column":75}},{"start":{"line":79,"column":75},"end":{"line":79,"column":null}}],"line":79},"16":{"loc":{"start":{"line":80,"column":32},"end":{"line":82,"column":null}},"type":"cond-expr","locations":[{"start":{"line":81,"column":16},"end":{"line":81,"column":null}},{"start":{"line":82,"column":16},"end":{"line":82,"column":null}}],"line":80},"17":{"loc":{"start":{"line":83,"column":20},"end":{"line":83,"column":null}},"type":"cond-expr","locations":[{"start":{"line":83,"column":46},"end":{"line":83,"column":58}},{"start":{"line":83,"column":58},"end":{"line":83,"column":null}}],"line":83},"18":{"loc":{"start":{"line":89,"column":8},"end":{"line":91,"column":null}},"type":"if","locations":[{"start":{"line":89,"column":8},"end":{"line":91,"column":null}},{"start":{},"end":{}}],"line":89},"19":{"loc":{"start":{"line":93,"column":8},"end":{"line":93,"column":null}},"type":"if","locations":[{"start":{"line":93,"column":8},"end":{"line":93,"column":null}},{"start":{},"end":{}}],"line":93},"20":{"loc":{"start":{"line":107,"column":6},"end":{"line":107,"column":null}},"type":"if","locations":[{"start":{"line":107,"column":6},"end":{"line":107,"column":null}},{"start":{},"end":{}}],"line":107},"21":{"loc":{"start":{"line":115,"column":6},"end":{"line":117,"column":null}},"type":"if","locations":[{"start":{"line":115,"column":6},"end":{"line":117,"column":null}},{"start":{},"end":{}}],"line":115},"22":{"loc":{"start":{"line":126,"column":8},"end":{"line":137,"column":null}},"type":"if","locations":[{"start":{"line":126,"column":8},"end":{"line":137,"column":null}},{"start":{},"end":{}}],"line":126},"23":{"loc":{"start":{"line":134,"column":10},"end":{"line":136,"column":null}},"type":"if","locations":[{"start":{"line":134,"column":10},"end":{"line":136,"column":null}},{"start":{},"end":{}}],"line":134},"24":{"loc":{"start":{"line":134,"column":14},"end":{"line":134,"column":74}},"type":"binary-expr","locations":[{"start":{"line":134,"column":14},"end":{"line":134,"column":30}},{"start":{"line":134,"column":30},"end":{"line":134,"column":44}},{"start":{"line":134,"column":44},"end":{"line":134,"column":60}},{"start":{"line":134,"column":60},"end":{"line":134,"column":74}}],"line":134},"25":{"loc":{"start":{"line":138,"column":8},"end":{"line":140,"column":null}},"type":"if","locations":[{"start":{"line":138,"column":8},"end":{"line":140,"column":null}},{"start":{},"end":{}}],"line":138},"26":{"loc":{"start":{"line":138,"column":12},"end":{"line":138,"column":63}},"type":"binary-expr","locations":[{"start":{"line":138,"column":12},"end":{"line":138,"column":38}},{"start":{"line":138,"column":38},"end":{"line":138,"column":63}}],"line":138},"27":{"loc":{"start":{"line":141,"column":8},"end":{"line":148,"column":null}},"type":"if","locations":[{"start":{"line":141,"column":8},"end":{"line":148,"column":null}},{"start":{},"end":{}}],"line":141},"28":{"loc":{"start":{"line":142,"column":10},"end":{"line":145,"column":null}},"type":"binary-expr","locations":[{"start":{"line":142,"column":10},"end":{"line":142,"column":null}},{"start":{"line":143,"column":10},"end":{"line":145,"column":null}}],"line":142},"29":{"loc":{"start":{"line":149,"column":8},"end":{"line":154,"column":null}},"type":"if","locations":[{"start":{"line":149,"column":8},"end":{"line":154,"column":null}},{"start":{},"end":{}}],"line":149},"30":{"loc":{"start":{"line":150,"column":10},"end":{"line":151,"column":null}},"type":"binary-expr","locations":[{"start":{"line":150,"column":10},"end":{"line":150,"column":null}},{"start":{"line":151,"column":10},"end":{"line":151,"column":null}}],"line":150},"31":{"loc":{"start":{"line":158,"column":8},"end":{"line":160,"column":null}},"type":"if","locations":[{"start":{"line":158,"column":8},"end":{"line":160,"column":null}},{"start":{},"end":{}}],"line":158},"32":{"loc":{"start":{"line":161,"column":8},"end":{"line":163,"column":null}},"type":"if","locations":[{"start":{"line":161,"column":8},"end":{"line":163,"column":null}},{"start":{},"end":{}}],"line":161},"33":{"loc":{"start":{"line":162,"column":18},"end":{"line":162,"column":48}},"type":"binary-expr","locations":[{"start":{"line":162,"column":18},"end":{"line":162,"column":42}},{"start":{"line":162,"column":42},"end":{"line":162,"column":48}}],"line":162},"34":{"loc":{"start":{"line":162,"column":48},"end":{"line":162,"column":null}},"type":"binary-expr","locations":[{"start":{"line":162,"column":48},"end":{"line":162,"column":72}},{"start":{"line":162,"column":72},"end":{"line":162,"column":null}}],"line":162},"35":{"loc":{"start":{"line":177,"column":4},"end":{"line":181,"column":null}},"type":"if","locations":[{"start":{"line":177,"column":4},"end":{"line":181,"column":null}},{"start":{"line":179,"column":11},"end":{"line":181,"column":null}}],"line":177},"36":{"loc":{"start":{"line":177,"column":8},"end":{"line":177,"column":34}},"type":"binary-expr","locations":[{"start":{"line":177,"column":8},"end":{"line":177,"column":23}},{"start":{"line":177,"column":23},"end":{"line":177,"column":34}}],"line":177},"37":{"loc":{"start":{"line":189,"column":4},"end":{"line":193,"column":null}},"type":"if","locations":[{"start":{"line":189,"column":4},"end":{"line":193,"column":null}},{"start":{"line":191,"column":11},"end":{"line":193,"column":null}}],"line":189},"38":{"loc":{"start":{"line":189,"column":8},"end":{"line":189,"column":34}},"type":"binary-expr","locations":[{"start":{"line":189,"column":8},"end":{"line":189,"column":23}},{"start":{"line":189,"column":23},"end":{"line":189,"column":34}}],"line":189},"39":{"loc":{"start":{"line":197,"column":4},"end":{"line":201,"column":null}},"type":"if","locations":[{"start":{"line":197,"column":4},"end":{"line":201,"column":null}},{"start":{"line":199,"column":11},"end":{"line":201,"column":null}}],"line":197},"40":{"loc":{"start":{"line":197,"column":8},"end":{"line":197,"column":34}},"type":"binary-expr","locations":[{"start":{"line":197,"column":8},"end":{"line":197,"column":23}},{"start":{"line":197,"column":23},"end":{"line":197,"column":34}}],"line":197},"41":{"loc":{"start":{"line":250,"column":9},"end":{"line":253,"column":null}},"type":"binary-expr","locations":[{"start":{"line":250,"column":9},"end":{"line":250,"column":null}},{"start":{"line":251,"column":10},"end":{"line":253,"column":null}}],"line":250},"42":{"loc":{"start":{"line":257,"column":9},"end":{"line":271,"column":null}},"type":"binary-expr","locations":[{"start":{"line":257,"column":9},"end":{"line":257,"column":null}},{"start":{"line":258,"column":10},"end":{"line":271,"column":null}}],"line":257},"43":{"loc":{"start":{"line":276,"column":9},"end":{"line":277,"column":null}},"type":"binary-expr","locations":[{"start":{"line":276,"column":9},"end":{"line":276,"column":null}},{"start":{"line":277,"column":10},"end":{"line":277,"column":null}}],"line":276}},"s":{"0":18,"1":18,"2":18,"3":18,"4":3,"5":3,"6":18,"7":3,"8":3,"9":3,"10":18,"11":3,"12":0,"13":18,"14":18,"15":18,"16":18,"17":18,"18":18,"19":18,"20":18,"21":18,"22":18,"23":18,"24":18,"25":18,"26":3,"27":3,"28":3,"29":0,"30":3,"31":3,"32":3,"33":3,"34":3,"35":3,"36":9,"37":3,"38":0,"39":0,"40":3,"41":3,"42":3,"43":3,"44":3,"45":18,"46":6,"47":6,"48":9,"49":9,"50":6,"51":18,"52":6,"53":6,"54":9,"55":9,"56":15,"57":6,"58":18,"59":14,"60":33,"61":24,"62":24,"63":24,"64":24,"65":24,"66":39,"67":24,"68":13,"69":20,"70":0,"71":20,"72":0,"73":0,"74":20,"75":0,"76":20,"77":9,"78":0,"79":9,"80":0,"81":9,"82":18,"83":0,"84":0,"85":0,"86":0,"87":0,"88":18,"89":0,"90":0,"91":0,"92":18,"93":0,"94":18,"95":0,"96":0,"97":0,"98":18,"99":0,"100":0,"101":0,"102":18,"103":20},"f":{"0":18,"1":3,"2":3,"3":3,"4":3,"5":3,"6":3,"7":3,"8":9,"9":3,"10":6,"11":9,"12":6,"13":9,"14":15,"15":14,"16":33,"17":39,"18":0,"19":9,"20":0,"21":0,"22":0,"23":0,"24":0,"25":20},"b":{"0":[3,0],"1":[3,0],"2":[3,0],"3":[0,3],"4":[3,3],"5":[0,3],"6":[3,0,0,0],"7":[3,0],"8":[3,3,3],"9":[9,0],"10":[9,0],"11":[9,0],"12":[9,0],"13":[9,0,0],"14":[9,9,9],"15":[9,0],"16":[9,0],"17":[0,9],"18":[0,0],"19":[3,0],"20":[9,0],"21":[9,0],"22":[24,9],"23":[13,11],"24":[24,14,14,14],"25":[0,20],"26":[20,0],"27":[0,20],"28":[20,0],"29":[0,20],"30":[20,0],"31":[0,9],"32":[0,9],"33":[0,0],"34":[0,0],"35":[0,0],"36":[0,0],"37":[0,0],"38":[0,0],"39":[0,0],"40":[0,0],"41":[18,3],"42":[18,17],"43":[18,1]},"meta":{"lastBranch":44,"lastFunction":26,"lastStatement":104,"seen":{"f:15:24:15:47":0,"s:16:37:16:47":0,"s:17:19:17:31":1,"s:18:61:18:74":2,"s:20:26:22:Infinity":3,"f:20:26:20:40":1,"s:21:4:21:Infinity":4,"b:21:11:21:60:21:60:21:Infinity":0,"f:21:22:21:28":2,"s:21:34:21:55":5,"s:24:24:27:Infinity":6,"f:24:24:24:38":3,"s:25:17:25:Infinity":7,"b:25:17:25:53:25:53:25:Infinity":1,"s:26:4:26:Infinity":8,"b:26:11:26:52:26:52:26:Infinity":2,"f:26:16:26:22":4,"s:26:28:26:47":9,"s:30:2:34:Infinity":10,"f:30:2:30:18":5,"b:31:4:33:Infinity:undefined:undefined:undefined:undefined":3,"s:31:4:33:Infinity":11,"b:31:8:31:23:31:23:31:58":4,"s:32:6:32:Infinity":12,"s:37:38:37:Infinity":13,"s:38:32:38:Infinity":14,"s:39:40:39:Infinity":15,"s:40:42:40:Infinity":16,"s:41:42:41:Infinity":17,"s:42:40:42:Infinity":18,"s:43:34:43:Infinity":19,"s:44:30:44:Infinity":20,"s:47:54:47:Infinity":21,"s:48:54:48:Infinity":22,"s:49:52:49:Infinity":23,"s:50:54:50:Infinity":24,"s:55:2:101:Infinity":25,"f:55:2:55:18":6,"s:56:20:56:Infinity":26,"s:57:28:95:Infinity":27,"f:57:28:57:40":7,"b:58:6:58:Infinity:undefined:undefined:undefined:undefined":5,"s:58:6:58:Infinity":28,"s:58:22:58:Infinity":29,"s:59:6:59:Infinity":30,"s:60:6:94:Infinity":31,"s:61:20:61:Infinity":32,"s:62:24:62:Infinity":33,"b:62:24:62:48:62:48:62:66:62:66:62:78:62:78:62:Infinity":6,"b:63:8:87:Infinity:undefined:undefined:undefined:undefined":7,"s:63:8:87:Infinity":34,"b:63:12:63:25:63:25:63:51:63:51:63:71":8,"s:64:29:85:Infinity":35,"f:64:37:64:42":8,"s:64:49:85:12":36,"b:65:17:65:26:65:26:65:Infinity":9,"b:66:18:66:28:66:28:66:Infinity":10,"b:68:16:68:Infinity:69:16:69:Infinity":11,"b:70:27:70:37:70:37:70:Infinity":12,"b:72:14:72:Infinity:73:14:73:Infinity:74:14:74:Infinity":13,"b:76:15:76:Infinity:77:14:77:Infinity:78:14:78:Infinity":14,"b:79:58:79:75:79:75:79:Infinity":15,"b:81:16:81:Infinity:82:16:82:Infinity":16,"b:83:46:83:58:83:58:83:Infinity":17,"s:86:10:86:Infinity":37,"b:89:8:91:Infinity:undefined:undefined:undefined:undefined":18,"s:89:8:91:Infinity":38,"s:90:10:90:Infinity":39,"b:93:8:93:Infinity:undefined:undefined:undefined:undefined":19,"s:93:8:93:Infinity":40,"s:93:23:93:Infinity":41,"s:97:4:97:Infinity":42,"s:98:4:100:Infinity":43,"f:98:4:98:17":9,"s:99:6:99:Infinity":44,"s:104:25:110:Infinity":45,"f:104:25:104:39":10,"s:105:18:105:Infinity":46,"s:106:4:108:Infinity":47,"f:106:15:106:24":11,"b:107:6:107:Infinity:undefined:undefined:undefined:undefined":20,"s:107:6:107:Infinity":48,"s:107:18:107:Infinity":49,"s:109:4:109:Infinity":50,"s:112:25:120:Infinity":51,"f:112:25:112:39":12,"s:113:18:113:Infinity":52,"s:114:4:118:Infinity":53,"f:114:15:114:24":13,"b:115:6:117:Infinity:undefined:undefined:undefined:undefined":21,"s:115:6:117:Infinity":54,"s:116:8:116:Infinity":55,"f:116:23:116:32":14,"s:116:38:116:50":56,"s:119:4:119:Infinity":57,"s:123:29:166:Infinity":58,"f:123:29:123:43":15,"s:124:4:165:Infinity":59,"f:125:7:125:15":16,"b:126:8:137:Infinity:undefined:undefined:undefined:undefined":22,"s:126:8:137:Infinity":60,"s:127:20:127:Infinity":61,"s:128:30:128:Infinity":62,"s:129:28:129:Infinity":63,"s:130:30:130:Infinity":64,"s:131:30:133:Infinity":65,"f:131:46:131:52":17,"s:132:12:132:Infinity":66,"b:134:10:136:Infinity:undefined:undefined:undefined:undefined":23,"s:134:10:136:Infinity":67,"b:134:14:134:30:134:30:134:44:134:44:134:60:134:60:134:74":24,"s:135:12:135:Infinity":68,"b:138:8:140:Infinity:undefined:undefined:undefined:undefined":25,"s:138:8:140:Infinity":69,"b:138:12:138:38:138:38:138:63":26,"s:139:10:139:Infinity":70,"b:141:8:148:Infinity:undefined:undefined:undefined:undefined":27,"s:141:8:148:Infinity":71,"b:142:10:142:Infinity:143:10:145:Infinity":28,"f:143:27:143:Infinity":18,"s:144:19:144:Infinity":72,"s:147:10:147:Infinity":73,"b:149:8:154:Infinity:undefined:undefined:undefined:undefined":29,"s:149:8:154:Infinity":74,"b:150:10:150:Infinity:151:10:151:Infinity":30,"s:153:10:153:Infinity":75,"s:155:8:155:Infinity":76,"f:157:7:157:13":19,"b:158:8:160:Infinity:undefined:undefined:undefined:undefined":31,"s:158:8:160:Infinity":77,"s:159:10:159:Infinity":78,"b:161:8:163:Infinity:undefined:undefined:undefined:undefined":32,"s:161:8:163:Infinity":79,"s:162:10:162:Infinity":80,"b:162:18:162:42:162:42:162:48":33,"b:162:48:162:72:162:72:162:Infinity":34,"s:164:8:164:Infinity":81,"s:168:8:174:Infinity":82,"f:168:8:168:35":20,"s:169:4:169:Infinity":83,"s:170:4:170:Infinity":84,"s:171:4:171:Infinity":85,"s:172:4:172:Infinity":86,"s:173:4:173:Infinity":87,"s:176:8:182:Infinity":88,"f:176:8:176:38":21,"b:177:4:181:Infinity:179:11:181:Infinity":35,"s:177:4:181:Infinity":89,"b:177:8:177:23:177:23:177:34":36,"s:178:6:178:Infinity":90,"s:180:6:180:Infinity":91,"s:184:8:186:Infinity":92,"f:184:8:184:25":22,"s:185:4:185:Infinity":93,"s:188:8:194:Infinity":94,"f:188:8:188:27":23,"b:189:4:193:Infinity:191:11:193:Infinity":37,"s:189:4:193:Infinity":95,"b:189:8:189:23:189:23:189:34":38,"s:190:6:190:Infinity":96,"s:192:6:192:Infinity":97,"s:196:8:202:Infinity":98,"f:196:8:196:35":24,"b:197:4:201:Infinity:199:11:201:Infinity":39,"s:197:4:201:Infinity":99,"b:197:8:197:23:197:23:197:34":40,"s:198:6:198:Infinity":100,"s:200:6:200:Infinity":101,"s:205:2:280:Infinity":102,"b:250:9:250:Infinity:251:10:253:Infinity":41,"b:257:9:257:Infinity:258:10:271:Infinity":42,"f:259:32:259:37":25,"s:260:14:266:Infinity":103,"b:276:9:276:Infinity:277:10:277:Infinity":43},"fnNames":{}}}
,"D:\\Second Term\\Capstones\\Individual\\Front-End\\System-atlas\\src\\Pages\\CreatProject\\CreatProject.jsx": {"path":"D:\\Second Term\\Capstones\\Individual\\Front-End\\System-atlas\\src\\Pages\\CreatProject\\CreatProject.jsx","statementMap":{"0":{"start":{"line":7,"column":46},"end":{"line":13,"column":null}},"1":{"start":{"line":16,"column":2},"end":{"line":29,"column":null}}},"fnMap":{"0":{"name":"ProjectCreation","decl":{"start":{"line":5,"column":24},"end":{"line":5,"column":42}},"loc":{"start":{"line":5,"column":42},"end":{"line":31,"column":null}},"line":5}},"branchMap":{},"s":{"0":45,"1":45},"f":{"0":45},"b":{},"meta":{"lastBranch":0,"lastFunction":1,"lastStatement":2,"seen":{"f:5:24:5:42":0,"s:7:46:13:Infinity":0,"s:16:2:29:Infinity":1},"fnNames":{}}}
,"D:\\Second Term\\Capstones\\Individual\\Front-End\\System-atlas\\src\\Pages\\Create Team\\CreateTeam.jsx": {"path":"D:\\Second Term\\Capstones\\Individual\\Front-End\\System-atlas\\src\\Pages\\Create Team\\CreateTeam.jsx","statementMap":{"0":{"start":{"line":14,"column":18},"end":{"line":14,"column":25}},"1":{"start":{"line":15,"column":19},"end":{"line":15,"column":31}},"2":{"start":{"line":16,"column":42},"end":{"line":16,"column":null}},"3":{"start":{"line":18,"column":34},"end":{"line":24,"column":null}},"4":{"start":{"line":26,"column":8},"end":{"line":28,"column":null}},"5":{"start":{"line":27,"column":4},"end":{"line":27,"column":null}},"6":{"start":{"line":27,"column":27},"end":{"line":27,"column":55}},"7":{"start":{"line":30,"column":8},"end":{"line":32,"column":null}},"8":{"start":{"line":31,"column":4},"end":{"line":31,"column":null}},"9":{"start":{"line":31,"column":27},"end":{"line":31,"column":64}},"10":{"start":{"line":34,"column":8},"end":{"line":36,"column":null}},"11":{"start":{"line":35,"column":4},"end":{"line":35,"column":null}},"12":{"start":{"line":35,"column":27},"end":{"line":35,"column":58}},"13":{"start":{"line":38,"column":8},"end":{"line":43,"column":null}},"14":{"start":{"line":39,"column":4},"end":{"line":39,"column":null}},"15":{"start":{"line":40,"column":4},"end":{"line":42,"column":null}},"16":{"start":{"line":41,"column":6},"end":{"line":41,"column":null}},"17":{"start":{"line":45,"column":28},"end":{"line":97,"column":null}},"18":{"start":{"line":46,"column":4},"end":{"line":46,"column":null}},"19":{"start":{"line":46,"column":22},"end":{"line":46,"column":null}},"20":{"start":{"line":48,"column":4},"end":{"line":51,"column":null}},"21":{"start":{"line":49,"column":6},"end":{"line":49,"column":null}},"22":{"start":{"line":50,"column":6},"end":{"line":50,"column":null}},"23":{"start":{"line":55,"column":6},"end":{"line":57,"column":null}},"24":{"start":{"line":59,"column":4},"end":{"line":62,"column":null}},"25":{"start":{"line":60,"column":6},"end":{"line":60,"column":null}},"26":{"start":{"line":61,"column":6},"end":{"line":61,"column":null}},"27":{"start":{"line":64,"column":4},"end":{"line":64,"column":null}},"28":{"start":{"line":66,"column":20},"end":{"line":75,"column":null}},"29":{"start":{"line":77,"column":4},"end":{"line":96,"column":null}},"30":{"start":{"line":78,"column":23},"end":{"line":78,"column":null}},"31":{"start":{"line":80,"column":6},"end":{"line":83,"column":null}},"32":{"start":{"line":81,"column":8},"end":{"line":81,"column":null}},"33":{"start":{"line":82,"column":8},"end":{"line":82,"column":null}},"34":{"start":{"line":85,"column":6},"end":{"line":85,"column":null}},"35":{"start":{"line":87,"column":8},"end":{"line":91,"column":null}},"36":{"start":{"line":93,"column":6},"end":{"line":93,"column":null}},"37":{"start":{"line":95,"column":6},"end":{"line":95,"column":null}},"38":{"start":{"line":99,"column":8},"end":{"line":104,"column":null}},"39":{"start":{"line":100,"column":4},"end":{"line":100,"column":null}},"40":{"start":{"line":100,"column":28},"end":{"line":100,"column":null}},"41":{"start":{"line":101,"column":4},"end":{"line":101,"column":null}},"42":{"start":{"line":101,"column":47},"end":{"line":101,"column":null}},"43":{"start":{"line":102,"column":17},"end":{"line":102,"column":null}},"44":{"start":{"line":103,"column":4},"end":{"line":103,"column":null}},"45":{"start":{"line":106,"column":2},"end":{"line":185,"column":null}}},"fnMap":{"0":{"name":"CreateTeam","decl":{"start":{"line":13,"column":24},"end":{"line":13,"column":37}},"loc":{"start":{"line":13,"column":37},"end":{"line":187,"column":null}},"line":13},"1":{"name":"(anonymous_1)","decl":{"start":{"line":26,"column":8},"end":{"line":26,"column":29}},"loc":{"start":{"line":26,"column":46},"end":{"line":28,"column":null}},"line":26},"2":{"name":"(anonymous_2)","decl":{"start":{"line":27,"column":4},"end":{"line":27,"column":17}},"loc":{"start":{"line":27,"column":27},"end":{"line":27,"column":55}},"line":27},"3":{"name":"(anonymous_3)","decl":{"start":{"line":30,"column":8},"end":{"line":30,"column":32}},"loc":{"start":{"line":30,"column":50},"end":{"line":32,"column":null}},"line":30},"4":{"name":"(anonymous_4)","decl":{"start":{"line":31,"column":4},"end":{"line":31,"column":17}},"loc":{"start":{"line":31,"column":27},"end":{"line":31,"column":64}},"line":31},"5":{"name":"(anonymous_5)","decl":{"start":{"line":34,"column":8},"end":{"line":34,"column":32}},"loc":{"start":{"line":34,"column":44},"end":{"line":36,"column":null}},"line":34},"6":{"name":"(anonymous_6)","decl":{"start":{"line":35,"column":4},"end":{"line":35,"column":17}},"loc":{"start":{"line":35,"column":27},"end":{"line":35,"column":58}},"line":35},"7":{"name":"(anonymous_7)","decl":{"start":{"line":38,"column":8},"end":{"line":38,"column":30}},"loc":{"start":{"line":38,"column":36},"end":{"line":43,"column":null}},"line":38},"8":{"name":"(anonymous_8)","decl":{"start":{"line":45,"column":28},"end":{"line":45,"column":35}},"loc":{"start":{"line":45,"column":53},"end":{"line":97,"column":null}},"line":45},"9":{"name":"(anonymous_9)","decl":{"start":{"line":99,"column":8},"end":{"line":99,"column":34}},"loc":{"start":{"line":99,"column":34},"end":{"line":104,"column":null}},"line":99}},"branchMap":{"0":{"loc":{"start":{"line":40,"column":4},"end":{"line":42,"column":null}},"type":"if","locations":[{"start":{"line":40,"column":4},"end":{"line":42,"column":null}},{"start":{},"end":{}}],"line":40},"1":{"loc":{"start":{"line":46,"column":4},"end":{"line":46,"column":null}},"type":"if","locations":[{"start":{"line":46,"column":4},"end":{"line":46,"column":null}},{"start":{},"end":{}}],"line":46},"2":{"loc":{"start":{"line":48,"column":4},"end":{"line":51,"column":null}},"type":"if","locations":[{"start":{"line":48,"column":4},"end":{"line":51,"column":null}},{"start":{},"end":{}}],"line":48},"3":{"loc":{"start":{"line":55,"column":6},"end":{"line":57,"column":null}},"type":"binary-expr","locations":[{"start":{"line":55,"column":6},"end":{"line":55,"column":null}},{"start":{"line":56,"column":6},"end":{"line":56,"column":null}},{"start":{"line":57,"column":7},"end":{"line":57,"column":null}}],"line":55},"4":{"loc":{"start":{"line":57,"column":7},"end":{"line":57,"column":null}},"type":"cond-expr","locations":[{"start":{"line":57,"column":47},"end":{"line":57,"column":67}},{"start":{"line":57,"column":67},"end":{"line":57,"column":null}}],"line":57},"5":{"loc":{"start":{"line":59,"column":4},"end":{"line":62,"column":null}},"type":"if","locations":[{"start":{"line":59,"column":4},"end":{"line":62,"column":null}},{"start":{},"end":{}}],"line":59},"6":{"loc":{"start":{"line":80,"column":6},"end":{"line":83,"column":null}},"type":"if","locations":[{"start":{"line":80,"column":6},"end":{"line":83,"column":null}},{"start":{},"end":{}}],"line":80},"7":{"loc":{"start":{"line":80,"column":10},"end":{"line":80,"column":62}},"type":"binary-expr","locations":[{"start":{"line":80,"column":10},"end":{"line":80,"column":37}},{"start":{"line":80,"column":37},"end":{"line":80,"column":62}}],"line":80},"8":{"loc":{"start":{"line":87,"column":8},"end":{"line":91,"column":null}},"type":"binary-expr","locations":[{"start":{"line":87,"column":8},"end":{"line":87,"column":null}},{"start":{"line":88,"column":8},"end":{"line":88,"column":null}},{"start":{"line":89,"column":9},"end":{"line":91,"column":null}}],"line":87},"9":{"loc":{"start":{"line":89,"column":9},"end":{"line":91,"column":null}},"type":"cond-expr","locations":[{"start":{"line":90,"column":12},"end":{"line":90,"column":null}},{"start":{"line":91,"column":12},"end":{"line":91,"column":null}}],"line":89},"10":{"loc":{"start":{"line":100,"column":4},"end":{"line":100,"column":null}},"type":"if","locations":[{"start":{"line":100,"column":4},"end":{"line":100,"column":null}},{"start":{},"end":{}}],"line":100},"11":{"loc":{"start":{"line":101,"column":4},"end":{"line":101,"column":null}},"type":"if","locations":[{"start":{"line":101,"column":4},"end":{"line":101,"column":null}},{"start":{},"end":{}}],"line":101},"12":{"loc":{"start":{"line":102,"column":20},"end":{"line":102,"column":54}},"type":"binary-expr","locations":[{"start":{"line":102,"column":20},"end":{"line":102,"column":51}},{"start":{"line":102,"column":51},"end":{"line":102,"column":54}}],"line":102},"13":{"loc":{"start":{"line":102,"column":57},"end":{"line":102,"column":92}},"type":"binary-expr","locations":[{"start":{"line":102,"column":57},"end":{"line":102,"column":87}},{"start":{"line":102,"column":87},"end":{"line":102,"column":92}}],"line":102},"14":{"loc":{"start":{"line":103,"column":11},"end":{"line":103,"column":null}},"type":"binary-expr","locations":[{"start":{"line":103,"column":11},"end":{"line":103,"column":19}},{"start":{"line":103,"column":19},"end":{"line":103,"column":45}},{"start":{"line":103,"column":45},"end":{"line":103,"column":75}},{"start":{"line":103,"column":75},"end":{"line":103,"column":null}}],"line":103},"15":{"loc":{"start":{"line":181,"column":13},"end":{"line":181,"column":null}},"type":"cond-expr","locations":[{"start":{"line":181,"column":28},"end":{"line":181,"column":44}},{"start":{"line":181,"column":44},"end":{"line":181,"column":null}}],"line":181}},"s":{"0":2,"1":2,"2":2,"3":2,"4":2,"5":0,"6":0,"7":2,"8":0,"9":0,"10":2,"11":0,"12":0,"13":2,"14":1,"15":1,"16":1,"17":2,"18":0,"19":0,"20":0,"21":0,"22":0,"23":0,"24":0,"25":0,"26":0,"27":0,"28":0,"29":0,"30":0,"31":0,"32":0,"33":0,"34":0,"35":0,"36":0,"37":0,"38":2,"39":2,"40":2,"41":0,"42":0,"43":0,"44":2,"45":2},"f":{"0":2,"1":0,"2":0,"3":0,"4":0,"5":0,"6":0,"7":1,"8":0,"9":2},"b":{"0":[1,0],"1":[0,0],"2":[0,0],"3":[0,0,0],"4":[0,0],"5":[0,0],"6":[0,0],"7":[0,0],"8":[0,0,0],"9":[0,0],"10":[2,0],"11":[0,0],"12":[0,0],"13":[2,0],"14":[2,0,0,0],"15":[0,2]},"meta":{"lastBranch":16,"lastFunction":10,"lastStatement":46,"seen":{"f:13:24:13:37":0,"s:14:18:14:25":0,"s:15:19:15:31":1,"s:16:42:16:Infinity":2,"s:18:34:24:Infinity":3,"s:26:8:28:Infinity":4,"f:26:8:26:29":1,"s:27:4:27:Infinity":5,"f:27:4:27:17":2,"s:27:27:27:55":6,"s:30:8:32:Infinity":7,"f:30:8:30:32":3,"s:31:4:31:Infinity":8,"f:31:4:31:17":4,"s:31:27:31:64":9,"s:34:8:36:Infinity":10,"f:34:8:34:32":5,"s:35:4:35:Infinity":11,"f:35:4:35:17":6,"s:35:27:35:58":12,"s:38:8:43:Infinity":13,"f:38:8:38:30":7,"s:39:4:39:Infinity":14,"b:40:4:42:Infinity:undefined:undefined:undefined:undefined":0,"s:40:4:42:Infinity":15,"s:41:6:41:Infinity":16,"s:45:28:97:Infinity":17,"f:45:28:45:35":8,"b:46:4:46:Infinity:undefined:undefined:undefined:undefined":1,"s:46:4:46:Infinity":18,"s:46:22:46:Infinity":19,"b:48:4:51:Infinity:undefined:undefined:undefined:undefined":2,"s:48:4:51:Infinity":20,"s:49:6:49:Infinity":21,"s:50:6:50:Infinity":22,"s:55:6:57:Infinity":23,"b:55:6:55:Infinity:56:6:56:Infinity:57:7:57:Infinity":3,"b:57:47:57:67:57:67:57:Infinity":4,"b:59:4:62:Infinity:undefined:undefined:undefined:undefined":5,"s:59:4:62:Infinity":24,"s:60:6:60:Infinity":25,"s:61:6:61:Infinity":26,"s:64:4:64:Infinity":27,"s:66:20:75:Infinity":28,"s:77:4:96:Infinity":29,"s:78:23:78:Infinity":30,"b:80:6:83:Infinity:undefined:undefined:undefined:undefined":6,"s:80:6:83:Infinity":31,"b:80:10:80:37:80:37:80:62":7,"s:81:8:81:Infinity":32,"s:82:8:82:Infinity":33,"s:85:6:85:Infinity":34,"s:87:8:91:Infinity":35,"b:87:8:87:Infinity:88:8:88:Infinity:89:9:91:Infinity":8,"b:90:12:90:Infinity:91:12:91:Infinity":9,"s:93:6:93:Infinity":36,"s:95:6:95:Infinity":37,"s:99:8:104:Infinity":38,"f:99:8:99:34":9,"b:100:4:100:Infinity:undefined:undefined:undefined:undefined":10,"s:100:4:100:Infinity":39,"s:100:28:100:Infinity":40,"b:101:4:101:Infinity:undefined:undefined:undefined:undefined":11,"s:101:4:101:Infinity":41,"s:101:47:101:Infinity":42,"s:102:17:102:Infinity":43,"b:102:20:102:51:102:51:102:54":12,"b:102:57:102:87:102:87:102:92":13,"s:103:4:103:Infinity":44,"b:103:11:103:19:103:19:103:45:103:45:103:75:103:75:103:Infinity":14,"s:106:2:185:Infinity":45,"b:181:28:181:44:181:44:181:Infinity":15},"fnNames":{}}}
,"D:\\Second Term\\Capstones\\Individual\\Front-End\\System-atlas\\src\\Pages\\CreateWorkspace\\CreateWorkspace.jsx": {"path":"D:\\Second Term\\Capstones\\Individual\\Front-End\\System-atlas\\src\\Pages\\CreateWorkspace\\CreateWorkspace.jsx","statementMap":{"0":{"start":{"line":5,"column":20},"end":{"line":5,"column":27}},"1":{"start":{"line":7,"column":10},"end":{"line":12,"column":null}},"2":{"start":{"line":8,"column":8},"end":{"line":8,"column":null}},"3":{"start":{"line":9,"column":8},"end":{"line":11,"column":null}},"4":{"start":{"line":10,"column":12},"end":{"line":10,"column":null}},"5":{"start":{"line":13,"column":4},"end":{"line":29,"column":null}}},"fnMap":{"0":{"name":"WorkspaceCreation","decl":{"start":{"line":4,"column":24},"end":{"line":4,"column":44}},"loc":{"start":{"line":4,"column":44},"end":{"line":31,"column":null}},"line":4},"1":{"name":"(anonymous_1)","decl":{"start":{"line":7,"column":10},"end":{"line":7,"column":26}},"loc":{"start":{"line":7,"column":32},"end":{"line":12,"column":null}},"line":7}},"branchMap":{"0":{"loc":{"start":{"line":9,"column":8},"end":{"line":11,"column":null}},"type":"if","locations":[{"start":{"line":9,"column":8},"end":{"line":11,"column":null}},{"start":{},"end":{}}],"line":9}},"s":{"0":3,"1":3,"2":2,"3":2,"4":2,"5":3},"f":{"0":3,"1":2},"b":{"0":[2,0]},"meta":{"lastBranch":1,"lastFunction":2,"lastStatement":6,"seen":{"f:4:24:4:44":0,"s:5:20:5:27":0,"s:7:10:12:Infinity":1,"f:7:10:7:26":1,"s:8:8:8:Infinity":2,"b:9:8:11:Infinity:undefined:undefined:undefined:undefined":0,"s:9:8:11:Infinity":3,"s:10:12:10:Infinity":4,"s:13:4:29:Infinity":5},"fnNames":{}}}
,"D:\\Second Term\\Capstones\\Individual\\Front-End\\System-atlas\\src\\Pages\\EmptyGraph\\EmptyGraph.jsx": {"path":"D:\\Second Term\\Capstones\\Individual\\Front-End\\System-atlas\\src\\Pages\\EmptyGraph\\EmptyGraph.jsx","statementMap":{"0":{"start":{"line":20,"column":37},"end":{"line":20,"column":47}},"1":{"start":{"line":21,"column":19},"end":{"line":21,"column":31}},"2":{"start":{"line":22,"column":24},"end":{"line":22,"column":null}},"3":{"start":{"line":25,"column":38},"end":{"line":25,"column":null}},"4":{"start":{"line":26,"column":21},"end":{"line":26,"column":null}},"5":{"start":{"line":29,"column":38},"end":{"line":29,"column":null}},"6":{"start":{"line":30,"column":44},"end":{"line":30,"column":null}},"7":{"start":{"line":31,"column":32},"end":{"line":31,"column":null}},"8":{"start":{"line":32,"column":28},"end":{"line":32,"column":null}},"9":{"start":{"line":35,"column":42},"end":{"line":35,"column":null}},"10":{"start":{"line":36,"column":42},"end":{"line":36,"column":null}},"11":{"start":{"line":37,"column":48},"end":{"line":37,"column":null}},"12":{"start":{"line":40,"column":64},"end":{"line":40,"column":null}},"13":{"start":{"line":41,"column":64},"end":{"line":41,"column":null}},"14":{"start":{"line":44,"column":46},"end":{"line":44,"column":null}},"15":{"start":{"line":45,"column":42},"end":{"line":45,"column":null}},"16":{"start":{"line":46,"column":48},"end":{"line":46,"column":null}},"17":{"start":{"line":47,"column":48},"end":{"line":47,"column":null}},"18":{"start":{"line":49,"column":52},"end":{"line":49,"column":null}},"19":{"start":{"line":50,"column":42},"end":{"line":50,"column":null}},"20":{"start":{"line":51,"column":44},"end":{"line":51,"column":null}},"21":{"start":{"line":54,"column":40},"end":{"line":54,"column":null}},"22":{"start":{"line":55,"column":38},"end":{"line":55,"column":null}},"23":{"start":{"line":58,"column":24},"end":{"line":80,"column":null}},"24":{"start":{"line":59,"column":4},"end":{"line":62,"column":null}},"25":{"start":{"line":60,"column":6},"end":{"line":60,"column":null}},"26":{"start":{"line":61,"column":6},"end":{"line":61,"column":null}},"27":{"start":{"line":64,"column":4},"end":{"line":79,"column":null}},"28":{"start":{"line":66,"column":8},"end":{"line":66,"column":null}},"29":{"start":{"line":67,"column":6},"end":{"line":67,"column":null}},"30":{"start":{"line":68,"column":6},"end":{"line":68,"column":null}},"31":{"start":{"line":69,"column":6},"end":{"line":69,"column":null}},"32":{"start":{"line":71,"column":6},"end":{"line":71,"column":null}},"33":{"start":{"line":72,"column":6},"end":{"line":76,"column":null}},"34":{"start":{"line":78,"column":6},"end":{"line":78,"column":null}},"35":{"start":{"line":82,"column":2},"end":{"line":117,"column":null}},"36":{"start":{"line":83,"column":20},"end":{"line":83,"column":null}},"37":{"start":{"line":85,"column":27},"end":{"line":110,"column":null}},"38":{"start":{"line":86,"column":6},"end":{"line":89,"column":null}},"39":{"start":{"line":87,"column":8},"end":{"line":87,"column":null}},"40":{"start":{"line":87,"column":23},"end":{"line":87,"column":null}},"41":{"start":{"line":88,"column":8},"end":{"line":88,"column":null}},"42":{"start":{"line":91,"column":6},"end":{"line":109,"column":null}},"43":{"start":{"line":93,"column":10},"end":{"line":93,"column":null}},"44":{"start":{"line":94,"column":8},"end":{"line":98,"column":null}},"45":{"start":{"line":95,"column":10},"end":{"line":95,"column":null}},"46":{"start":{"line":96,"column":10},"end":{"line":96,"column":null}},"47":{"start":{"line":97,"column":10},"end":{"line":97,"column":null}},"48":{"start":{"line":100,"column":8},"end":{"line":106,"column":null}},"49":{"start":{"line":101,"column":10},"end":{"line":105,"column":null}},"50":{"start":{"line":108,"column":8},"end":{"line":108,"column":null}},"51":{"start":{"line":108,"column":23},"end":{"line":108,"column":null}},"52":{"start":{"line":112,"column":4},"end":{"line":112,"column":null}},"53":{"start":{"line":114,"column":4},"end":{"line":116,"column":null}},"54":{"start":{"line":115,"column":6},"end":{"line":115,"column":null}},"55":{"start":{"line":120,"column":19},"end":{"line":122,"column":null}},"56":{"start":{"line":121,"column":4},"end":{"line":121,"column":null}},"57":{"start":{"line":125,"column":18},"end":{"line":127,"column":null}},"58":{"start":{"line":126,"column":4},"end":{"line":126,"column":null}},"59":{"start":{"line":130,"column":24},"end":{"line":132,"column":null}},"60":{"start":{"line":131,"column":4},"end":{"line":131,"column":null}},"61":{"start":{"line":134,"column":8},"end":{"line":142,"column":null}},"62":{"start":{"line":135,"column":15},"end":{"line":135,"column":null}},"63":{"start":{"line":136,"column":4},"end":{"line":141,"column":null}},"64":{"start":{"line":137,"column":6},"end":{"line":140,"column":null}},"65":{"start":{"line":144,"column":8},"end":{"line":152,"column":null}},"66":{"start":{"line":145,"column":15},"end":{"line":145,"column":null}},"67":{"start":{"line":146,"column":4},"end":{"line":151,"column":null}},"68":{"start":{"line":147,"column":6},"end":{"line":150,"column":null}},"69":{"start":{"line":154,"column":8},"end":{"line":159,"column":null}},"70":{"start":{"line":155,"column":15},"end":{"line":155,"column":null}},"71":{"start":{"line":156,"column":4},"end":{"line":158,"column":null}},"72":{"start":{"line":157,"column":6},"end":{"line":157,"column":null}},"73":{"start":{"line":161,"column":8},"end":{"line":175,"column":null}},"74":{"start":{"line":162,"column":15},"end":{"line":162,"column":null}},"75":{"start":{"line":163,"column":4},"end":{"line":174,"column":null}},"76":{"start":{"line":164,"column":21},"end":{"line":171,"column":null}},"77":{"start":{"line":172,"column":6},"end":{"line":172,"column":null}},"78":{"start":{"line":173,"column":6},"end":{"line":173,"column":null}},"79":{"start":{"line":177,"column":8},"end":{"line":189,"column":null}},"80":{"start":{"line":178,"column":15},"end":{"line":178,"column":null}},"81":{"start":{"line":179,"column":4},"end":{"line":188,"column":null}},"82":{"start":{"line":180,"column":19},"end":{"line":180,"column":null}},"83":{"start":{"line":181,"column":6},"end":{"line":187,"column":null}},"84":{"start":{"line":182,"column":8},"end":{"line":186,"column":null}},"85":{"start":{"line":191,"column":8},"end":{"line":203,"column":null}},"86":{"start":{"line":192,"column":15},"end":{"line":192,"column":null}},"87":{"start":{"line":193,"column":4},"end":{"line":202,"column":null}},"88":{"start":{"line":194,"column":25},"end":{"line":194,"column":null}},"89":{"start":{"line":195,"column":25},"end":{"line":195,"column":null}},"90":{"start":{"line":196,"column":19},"end":{"line":196,"column":null}},"91":{"start":{"line":197,"column":25},"end":{"line":197,"column":null}},"92":{"start":{"line":198,"column":6},"end":{"line":201,"column":null}},"93":{"start":{"line":206,"column":8},"end":{"line":209,"column":null}},"94":{"start":{"line":207,"column":4},"end":{"line":207,"column":null}},"95":{"start":{"line":208,"column":4},"end":{"line":208,"column":null}},"96":{"start":{"line":211,"column":8},"end":{"line":214,"column":null}},"97":{"start":{"line":212,"column":4},"end":{"line":212,"column":null}},"98":{"start":{"line":213,"column":4},"end":{"line":213,"column":null}},"99":{"start":{"line":216,"column":8},"end":{"line":219,"column":null}},"100":{"start":{"line":217,"column":4},"end":{"line":217,"column":null}},"101":{"start":{"line":218,"column":4},"end":{"line":218,"column":null}},"102":{"start":{"line":222,"column":8},"end":{"line":231,"column":null}},"103":{"start":{"line":223,"column":4},"end":{"line":223,"column":null}},"104":{"start":{"line":225,"column":4},"end":{"line":225,"column":null}},"105":{"start":{"line":226,"column":4},"end":{"line":226,"column":null}},"106":{"start":{"line":227,"column":4},"end":{"line":227,"column":null}},"107":{"start":{"line":228,"column":4},"end":{"line":228,"column":null}},"108":{"start":{"line":229,"column":4},"end":{"line":229,"column":null}},"109":{"start":{"line":230,"column":4},"end":{"line":230,"column":null}},"110":{"start":{"line":234,"column":8},"end":{"line":240,"column":null}},"111":{"start":{"line":235,"column":4},"end":{"line":235,"column":null}},"112":{"start":{"line":236,"column":4},"end":{"line":239,"column":null}},"113":{"start":{"line":242,"column":8},"end":{"line":254,"column":null}},"114":{"start":{"line":243,"column":4},"end":{"line":243,"column":null}},"115":{"start":{"line":243,"column":34},"end":{"line":243,"column":null}},"116":{"start":{"line":245,"column":4},"end":{"line":248,"column":null}},"117":{"start":{"line":246,"column":6},"end":{"line":246,"column":null}},"118":{"start":{"line":247,"column":6},"end":{"line":247,"column":null}},"119":{"start":{"line":250,"column":4},"end":{"line":250,"column":null}},"120":{"start":{"line":251,"column":4},"end":{"line":251,"column":null}},"121":{"start":{"line":252,"column":4},"end":{"line":252,"column":null}},"122":{"start":{"line":253,"column":4},"end":{"line":253,"column":null}},"123":{"start":{"line":256,"column":8},"end":{"line":259,"column":null}},"124":{"start":{"line":257,"column":4},"end":{"line":257,"column":null}},"125":{"start":{"line":258,"column":4},"end":{"line":258,"column":null}},"126":{"start":{"line":262,"column":33},"end":{"line":309,"column":null}},"127":{"start":{"line":263,"column":4},"end":{"line":263,"column":null}},"128":{"start":{"line":263,"column":25},"end":{"line":263,"column":null}},"129":{"start":{"line":264,"column":4},"end":{"line":264,"column":null}},"130":{"start":{"line":266,"column":4},"end":{"line":308,"column":null}},"131":{"start":{"line":267,"column":6},"end":{"line":289,"column":null}},"132":{"start":{"line":268,"column":8},"end":{"line":268,"column":null}},"133":{"start":{"line":268,"column":66},"end":{"line":268,"column":null}},"134":{"start":{"line":270,"column":20},"end":{"line":275,"column":null}},"135":{"start":{"line":277,"column":8},"end":{"line":277,"column":null}},"136":{"start":{"line":280,"column":8},"end":{"line":280,"column":null}},"137":{"start":{"line":280,"column":30},"end":{"line":280,"column":null}},"138":{"start":{"line":281,"column":22},"end":{"line":281,"column":null}},"139":{"start":{"line":283,"column":20},"end":{"line":286,"column":null}},"140":{"start":{"line":288,"column":8},"end":{"line":288,"column":null}},"141":{"start":{"line":291,"column":6},"end":{"line":291,"column":null}},"142":{"start":{"line":292,"column":6},"end":{"line":292,"column":null}},"143":{"start":{"line":293,"column":6},"end":{"line":293,"column":null}},"144":{"start":{"line":294,"column":6},"end":{"line":294,"column":null}},"145":{"start":{"line":297,"column":6},"end":{"line":297,"column":null}},"146":{"start":{"line":299,"column":6},"end":{"line":299,"column":null}},"147":{"start":{"line":301,"column":8},"end":{"line":304,"column":null}},"148":{"start":{"line":305,"column":6},"end":{"line":305,"column":null}},"149":{"start":{"line":307,"column":6},"end":{"line":307,"column":null}},"150":{"start":{"line":312,"column":8},"end":{"line":318,"column":null}},"151":{"start":{"line":313,"column":4},"end":{"line":313,"column":null}},"152":{"start":{"line":313,"column":24},"end":{"line":313,"column":null}},"153":{"start":{"line":314,"column":21},"end":{"line":314,"column":null}},"154":{"start":{"line":315,"column":4},"end":{"line":315,"column":null}},"155":{"start":{"line":316,"column":4},"end":{"line":316,"column":null}},"156":{"start":{"line":317,"column":4},"end":{"line":317,"column":null}},"157":{"start":{"line":321,"column":8},"end":{"line":325,"column":null}},"158":{"start":{"line":322,"column":4},"end":{"line":322,"column":null}},"159":{"start":{"line":322,"column":24},"end":{"line":322,"column":null}},"160":{"start":{"line":323,"column":4},"end":{"line":323,"column":null}},"161":{"start":{"line":324,"column":4},"end":{"line":324,"column":null}},"162":{"start":{"line":328,"column":42},"end":{"line":354,"column":null}},"163":{"start":{"line":329,"column":4},"end":{"line":329,"column":null}},"164":{"start":{"line":329,"column":40},"end":{"line":329,"column":null}},"165":{"start":{"line":330,"column":4},"end":{"line":330,"column":null}},"166":{"start":{"line":332,"column":4},"end":{"line":353,"column":null}},"167":{"start":{"line":333,"column":20},"end":{"line":333,"column":null}},"168":{"start":{"line":334,"column":18},"end":{"line":334,"column":null}},"169":{"start":{"line":336,"column":6},"end":{"line":336,"column":null}},"170":{"start":{"line":337,"column":6},"end":{"line":337,"column":null}},"171":{"start":{"line":338,"column":6},"end":{"line":338,"column":null}},"172":{"start":{"line":339,"column":6},"end":{"line":339,"column":null}},"173":{"start":{"line":342,"column":6},"end":{"line":342,"column":null}},"174":{"start":{"line":344,"column":6},"end":{"line":344,"column":null}},"175":{"start":{"line":346,"column":8},"end":{"line":349,"column":null}},"176":{"start":{"line":350,"column":6},"end":{"line":350,"column":null}},"177":{"start":{"line":352,"column":6},"end":{"line":352,"column":null}},"178":{"start":{"line":357,"column":8},"end":{"line":369,"column":null}},"179":{"start":{"line":358,"column":4},"end":{"line":368,"column":null}},"180":{"start":{"line":359,"column":6},"end":{"line":365,"column":null}},"181":{"start":{"line":360,"column":8},"end":{"line":362,"column":null}},"182":{"start":{"line":364,"column":8},"end":{"line":364,"column":null}},"183":{"start":{"line":367,"column":6},"end":{"line":367,"column":null}},"184":{"start":{"line":371,"column":8},"end":{"line":379,"column":null}},"185":{"start":{"line":372,"column":4},"end":{"line":378,"column":null}},"186":{"start":{"line":373,"column":6},"end":{"line":375,"column":null}},"187":{"start":{"line":377,"column":6},"end":{"line":377,"column":null}},"188":{"start":{"line":381,"column":2},"end":{"line":619,"column":null}},"189":{"start":{"line":394,"column":29},"end":{"line":394,"column":null}},"190":{"start":{"line":405,"column":29},"end":{"line":405,"column":null}},"191":{"start":{"line":424,"column":31},"end":{"line":424,"column":null}},"192":{"start":{"line":439,"column":29},"end":{"line":439,"column":null}},"193":{"start":{"line":550,"column":41},"end":{"line":550,"column":null}},"194":{"start":{"line":550,"column":70},"end":{"line":550,"column":75}},"195":{"start":{"line":583,"column":12},"end":{"line":583,"column":null}},"196":{"start":{"line":584,"column":12},"end":{"line":584,"column":null}},"197":{"start":{"line":585,"column":12},"end":{"line":585,"column":null}},"198":{"start":{"line":586,"column":12},"end":{"line":586,"column":null}},"199":{"start":{"line":609,"column":10},"end":{"line":609,"column":null}},"200":{"start":{"line":610,"column":10},"end":{"line":610,"column":null}}},"fnMap":{"0":{"name":"EmptyGraph","decl":{"start":{"line":19,"column":24},"end":{"line":19,"column":37}},"loc":{"start":{"line":19,"column":37},"end":{"line":621,"column":null}},"line":19},"1":{"name":"(anonymous_1)","decl":{"start":{"line":58,"column":36},"end":{"line":58,"column":48}},"loc":{"start":{"line":58,"column":48},"end":{"line":80,"column":5}},"line":58},"2":{"name":"(anonymous_2)","decl":{"start":{"line":82,"column":2},"end":{"line":82,"column":18}},"loc":{"start":{"line":82,"column":18},"end":{"line":117,"column":5}},"line":82},"3":{"name":"(anonymous_3)","decl":{"start":{"line":85,"column":27},"end":{"line":85,"column":39}},"loc":{"start":{"line":85,"column":39},"end":{"line":110,"column":null}},"line":85},"4":{"name":"(anonymous_4)","decl":{"start":{"line":114,"column":4},"end":{"line":114,"column":17}},"loc":{"start":{"line":114,"column":17},"end":{"line":116,"column":null}},"line":114},"5":{"name":"(anonymous_5)","decl":{"start":{"line":120,"column":19},"end":{"line":120,"column":33}},"loc":{"start":{"line":120,"column":33},"end":{"line":122,"column":5}},"line":120},"6":{"name":"(anonymous_6)","decl":{"start":{"line":125,"column":18},"end":{"line":125,"column":32}},"loc":{"start":{"line":125,"column":32},"end":{"line":127,"column":5}},"line":125},"7":{"name":"(anonymous_7)","decl":{"start":{"line":130,"column":24},"end":{"line":130,"column":37}},"loc":{"start":{"line":130,"column":44},"end":{"line":132,"column":5}},"line":130},"8":{"name":"(anonymous_8)","decl":{"start":{"line":134,"column":8},"end":{"line":134,"column":29}},"loc":{"start":{"line":134,"column":29},"end":{"line":142,"column":null}},"line":134},"9":{"name":"(anonymous_9)","decl":{"start":{"line":144,"column":8},"end":{"line":144,"column":30}},"loc":{"start":{"line":144,"column":30},"end":{"line":152,"column":null}},"line":144},"10":{"name":"(anonymous_10)","decl":{"start":{"line":154,"column":8},"end":{"line":154,"column":26}},"loc":{"start":{"line":154,"column":26},"end":{"line":159,"column":null}},"line":154},"11":{"name":"(anonymous_11)","decl":{"start":{"line":161,"column":8},"end":{"line":161,"column":34}},"loc":{"start":{"line":161,"column":34},"end":{"line":175,"column":null}},"line":161},"12":{"name":"(anonymous_12)","decl":{"start":{"line":177,"column":8},"end":{"line":177,"column":28}},"loc":{"start":{"line":177,"column":39},"end":{"line":189,"column":null}},"line":177},"13":{"name":"(anonymous_13)","decl":{"start":{"line":191,"column":8},"end":{"line":191,"column":27}},"loc":{"start":{"line":191,"column":39},"end":{"line":203,"column":null}},"line":191},"14":{"name":"(anonymous_14)","decl":{"start":{"line":206,"column":8},"end":{"line":206,"column":28}},"loc":{"start":{"line":206,"column":40},"end":{"line":209,"column":null}},"line":206},"15":{"name":"(anonymous_15)","decl":{"start":{"line":211,"column":8},"end":{"line":211,"column":28}},"loc":{"start":{"line":211,"column":40},"end":{"line":214,"column":null}},"line":211},"16":{"name":"(anonymous_16)","decl":{"start":{"line":216,"column":8},"end":{"line":216,"column":31}},"loc":{"start":{"line":216,"column":31},"end":{"line":219,"column":null}},"line":216},"17":{"name":"(anonymous_17)","decl":{"start":{"line":222,"column":8},"end":{"line":222,"column":28}},"loc":{"start":{"line":222,"column":37},"end":{"line":231,"column":null}},"line":222},"18":{"name":"(anonymous_18)","decl":{"start":{"line":234,"column":8},"end":{"line":234,"column":43}},"loc":{"start":{"line":234,"column":62},"end":{"line":240,"column":null}},"line":234},"19":{"name":"(anonymous_19)","decl":{"start":{"line":242,"column":8},"end":{"line":242,"column":36}},"loc":{"start":{"line":242,"column":55},"end":{"line":254,"column":null}},"line":242},"20":{"name":"(anonymous_20)","decl":{"start":{"line":256,"column":8},"end":{"line":256,"column":39}},"loc":{"start":{"line":256,"column":39},"end":{"line":259,"column":null}},"line":256},"21":{"name":"(anonymous_21)","decl":{"start":{"line":262,"column":33},"end":{"line":262,"column":40}},"loc":{"start":{"line":262,"column":63},"end":{"line":309,"column":null}},"line":262},"22":{"name":"(anonymous_22)","decl":{"start":{"line":312,"column":8},"end":{"line":312,"column":43}},"loc":{"start":{"line":312,"column":55},"end":{"line":318,"column":null}},"line":312},"23":{"name":"(anonymous_23)","decl":{"start":{"line":321,"column":8},"end":{"line":321,"column":45}},"loc":{"start":{"line":321,"column":57},"end":{"line":325,"column":null}},"line":321},"24":{"name":"(anonymous_24)","decl":{"start":{"line":328,"column":42},"end":{"line":328,"column":54}},"loc":{"start":{"line":328,"column":54},"end":{"line":354,"column":null}},"line":328},"25":{"name":"(anonymous_25)","decl":{"start":{"line":357,"column":8},"end":{"line":357,"column":34}},"loc":{"start":{"line":357,"column":50},"end":{"line":369,"column":null}},"line":357},"26":{"name":"(anonymous_26)","decl":{"start":{"line":371,"column":8},"end":{"line":371,"column":43}},"loc":{"start":{"line":371,"column":43},"end":{"line":379,"column":null}},"line":371},"27":{"name":"(anonymous_27)","decl":{"start":{"line":394,"column":14},"end":{"line":394,"column":29}},"loc":{"start":{"line":394,"column":29},"end":{"line":394,"column":null}},"line":394},"28":{"name":"(anonymous_28)","decl":{"start":{"line":405,"column":14},"end":{"line":405,"column":29}},"loc":{"start":{"line":405,"column":29},"end":{"line":405,"column":null}},"line":405},"29":{"name":"(anonymous_29)","decl":{"start":{"line":424,"column":14},"end":{"line":424,"column":25}},"loc":{"start":{"line":424,"column":31},"end":{"line":424,"column":null}},"line":424},"30":{"name":"(anonymous_30)","decl":{"start":{"line":439,"column":14},"end":{"line":439,"column":29}},"loc":{"start":{"line":439,"column":29},"end":{"line":439,"column":null}},"line":439},"31":{"name":"(anonymous_31)","decl":{"start":{"line":550,"column":16},"end":{"line":550,"column":41}},"loc":{"start":{"line":550,"column":41},"end":{"line":550,"column":null}},"line":550},"32":{"name":"(anonymous_32)","decl":{"start":{"line":550,"column":41},"end":{"line":550,"column":61}},"loc":{"start":{"line":550,"column":70},"end":{"line":550,"column":75}},"line":550},"33":{"name":"(anonymous_33)","decl":{"start":{"line":582,"column":10},"end":{"line":582,"column":25}},"loc":{"start":{"line":582,"column":25},"end":{"line":587,"column":null}},"line":582},"34":{"name":"(anonymous_34)","decl":{"start":{"line":608,"column":8},"end":{"line":608,"column":23}},"loc":{"start":{"line":608,"column":23},"end":{"line":611,"column":null}},"line":608}},"branchMap":{"0":{"loc":{"start":{"line":59,"column":4},"end":{"line":62,"column":null}},"type":"if","locations":[{"start":{"line":59,"column":4},"end":{"line":62,"column":null}},{"start":{},"end":{}}],"line":59},"1":{"loc":{"start":{"line":73,"column":8},"end":{"line":75,"column":null}},"type":"binary-expr","locations":[{"start":{"line":73,"column":8},"end":{"line":73,"column":null}},{"start":{"line":74,"column":10},"end":{"line":74,"column":null}},{"start":{"line":75,"column":10},"end":{"line":75,"column":null}}],"line":73},"2":{"loc":{"start":{"line":86,"column":6},"end":{"line":89,"column":null}},"type":"if","locations":[{"start":{"line":86,"column":6},"end":{"line":89,"column":null}},{"start":{},"end":{}}],"line":86},"3":{"loc":{"start":{"line":87,"column":8},"end":{"line":87,"column":null}},"type":"if","locations":[{"start":{"line":87,"column":8},"end":{"line":87,"column":null}},{"start":{},"end":{}}],"line":87},"4":{"loc":{"start":{"line":94,"column":8},"end":{"line":98,"column":null}},"type":"if","locations":[{"start":{"line":94,"column":8},"end":{"line":98,"column":null}},{"start":{},"end":{}}],"line":94},"5":{"loc":{"start":{"line":100,"column":8},"end":{"line":106,"column":null}},"type":"if","locations":[{"start":{"line":100,"column":8},"end":{"line":106,"column":null}},{"start":{},"end":{}}],"line":100},"6":{"loc":{"start":{"line":102,"column":12},"end":{"line":104,"column":null}},"type":"binary-expr","locations":[{"start":{"line":102,"column":12},"end":{"line":102,"column":null}},{"start":{"line":103,"column":14},"end":{"line":103,"column":null}},{"start":{"line":104,"column":14},"end":{"line":104,"column":null}}],"line":102},"7":{"loc":{"start":{"line":108,"column":8},"end":{"line":108,"column":null}},"type":"if","locations":[{"start":{"line":108,"column":8},"end":{"line":108,"column":null}},{"start":{},"end":{}}],"line":108},"8":{"loc":{"start":{"line":136,"column":4},"end":{"line":141,"column":null}},"type":"if","locations":[{"start":{"line":136,"column":4},"end":{"line":141,"column":null}},{"start":{},"end":{}}],"line":136},"9":{"loc":{"start":{"line":146,"column":4},"end":{"line":151,"column":null}},"type":"if","locations":[{"start":{"line":146,"column":4},"end":{"line":151,"column":null}},{"start":{},"end":{}}],"line":146},"10":{"loc":{"start":{"line":156,"column":4},"end":{"line":158,"column":null}},"type":"if","locations":[{"start":{"line":156,"column":4},"end":{"line":158,"column":null}},{"start":{},"end":{}}],"line":156},"11":{"loc":{"start":{"line":163,"column":4},"end":{"line":174,"column":null}},"type":"if","locations":[{"start":{"line":163,"column":4},"end":{"line":174,"column":null}},{"start":{},"end":{}}],"line":163},"12":{"loc":{"start":{"line":179,"column":4},"end":{"line":188,"column":null}},"type":"if","locations":[{"start":{"line":179,"column":4},"end":{"line":188,"column":null}},{"start":{},"end":{}}],"line":179},"13":{"loc":{"start":{"line":179,"column":8},"end":{"line":179,"column":22}},"type":"binary-expr","locations":[{"start":{"line":179,"column":8},"end":{"line":179,"column":14}},{"start":{"line":179,"column":14},"end":{"line":179,"column":22}}],"line":179},"14":{"loc":{"start":{"line":181,"column":6},"end":{"line":187,"column":null}},"type":"if","locations":[{"start":{"line":181,"column":6},"end":{"line":187,"column":null}},{"start":{},"end":{}}],"line":181},"15":{"loc":{"start":{"line":181,"column":10},"end":{"line":181,"column":35}},"type":"binary-expr","locations":[{"start":{"line":181,"column":10},"end":{"line":181,"column":18}},{"start":{"line":181,"column":18},"end":{"line":181,"column":35}}],"line":181},"16":{"loc":{"start":{"line":193,"column":4},"end":{"line":202,"column":null}},"type":"if","locations":[{"start":{"line":193,"column":4},"end":{"line":202,"column":null}},{"start":{},"end":{}}],"line":193},"17":{"loc":{"start":{"line":193,"column":8},"end":{"line":193,"column":29}},"type":"binary-expr","locations":[{"start":{"line":193,"column":8},"end":{"line":193,"column":14}},{"start":{"line":193,"column":14},"end":{"line":193,"column":29}}],"line":193},"18":{"loc":{"start":{"line":237,"column":26},"end":{"line":237,"column":70}},"type":"binary-expr","locations":[{"start":{"line":237,"column":26},"end":{"line":237,"column":49}},{"start":{"line":237,"column":49},"end":{"line":237,"column":70}}],"line":237},"19":{"loc":{"start":{"line":243,"column":4},"end":{"line":243,"column":null}},"type":"if","locations":[{"start":{"line":243,"column":4},"end":{"line":243,"column":null}},{"start":{},"end":{}}],"line":243},"20":{"loc":{"start":{"line":245,"column":4},"end":{"line":248,"column":null}},"type":"if","locations":[{"start":{"line":245,"column":4},"end":{"line":248,"column":null}},{"start":{},"end":{}}],"line":245},"21":{"loc":{"start":{"line":263,"column":4},"end":{"line":263,"column":null}},"type":"if","locations":[{"start":{"line":263,"column":4},"end":{"line":263,"column":null}},{"start":{},"end":{}}],"line":263},"22":{"loc":{"start":{"line":267,"column":6},"end":{"line":289,"column":null}},"type":"if","locations":[{"start":{"line":267,"column":6},"end":{"line":289,"column":null}},{"start":{"line":278,"column":13},"end":{"line":289,"column":null}}],"line":267},"23":{"loc":{"start":{"line":268,"column":8},"end":{"line":268,"column":null}},"type":"if","locations":[{"start":{"line":268,"column":8},"end":{"line":268,"column":null}},{"start":{},"end":{}}],"line":268},"24":{"loc":{"start":{"line":268,"column":12},"end":{"line":268,"column":66}},"type":"binary-expr","locations":[{"start":{"line":268,"column":12},"end":{"line":268,"column":40}},{"start":{"line":268,"column":40},"end":{"line":268,"column":66}}],"line":268},"25":{"loc":{"start":{"line":277,"column":22},"end":{"line":277,"column":68}},"type":"binary-expr","locations":[{"start":{"line":277,"column":22},"end":{"line":277,"column":33}},{"start":{"line":277,"column":33},"end":{"line":277,"column":68}}],"line":277},"26":{"loc":{"start":{"line":280,"column":8},"end":{"line":280,"column":null}},"type":"if","locations":[{"start":{"line":280,"column":8},"end":{"line":280,"column":null}},{"start":{},"end":{}}],"line":280},"27":{"loc":{"start":{"line":281,"column":22},"end":{"line":281,"column":null}},"type":"binary-expr","locations":[{"start":{"line":281,"column":22},"end":{"line":281,"column":56}},{"start":{"line":281,"column":56},"end":{"line":281,"column":null}}],"line":281},"28":{"loc":{"start":{"line":288,"column":22},"end":{"line":288,"column":68}},"type":"binary-expr","locations":[{"start":{"line":288,"column":22},"end":{"line":288,"column":33}},{"start":{"line":288,"column":33},"end":{"line":288,"column":68}}],"line":288},"29":{"loc":{"start":{"line":301,"column":8},"end":{"line":304,"column":null}},"type":"binary-expr","locations":[{"start":{"line":301,"column":8},"end":{"line":301,"column":null}},{"start":{"line":302,"column":8},"end":{"line":302,"column":null}},{"start":{"line":303,"column":8},"end":{"line":303,"column":null}},{"start":{"line":304,"column":8},"end":{"line":304,"column":null}}],"line":301},"30":{"loc":{"start":{"line":305,"column":18},"end":{"line":305,"column":59}},"type":"cond-expr","locations":[{"start":{"line":305,"column":39},"end":{"line":305,"column":56}},{"start":{"line":305,"column":56},"end":{"line":305,"column":59}}],"line":305},"31":{"loc":{"start":{"line":313,"column":4},"end":{"line":313,"column":null}},"type":"if","locations":[{"start":{"line":313,"column":4},"end":{"line":313,"column":null}},{"start":{},"end":{}}],"line":313},"32":{"loc":{"start":{"line":322,"column":4},"end":{"line":322,"column":null}},"type":"if","locations":[{"start":{"line":322,"column":4},"end":{"line":322,"column":null}},{"start":{},"end":{}}],"line":322},"33":{"loc":{"start":{"line":329,"column":4},"end":{"line":329,"column":null}},"type":"if","locations":[{"start":{"line":329,"column":4},"
[...]
g","locations":[{"start":{"line":10,"column":75},"end":{"line":10,"column":79}}],"line":10},"2":{"loc":{"start":{"line":11,"column":2},"end":{"line":13,"column":null}},"type":"if","locations":[{"start":{"line":11,"column":2},"end":{"line":13,"column":null}},{"start":{},"end":{}}],"line":11},"3":{"loc":{"start":{"line":11,"column":6},"end":{"line":11,"column":61}},"type":"binary-expr","locations":[{"start":{"line":11,"column":6},"end":{"line":11,"column":36}},{"start":{"line":11,"column":36},"end":{"line":11,"column":61}}],"line":11},"4":{"loc":{"start":{"line":22,"column":4},"end":{"line":22,"column":null}},"type":"if","locations":[{"start":{"line":22,"column":4},"end":{"line":22,"column":null}},{"start":{},"end":{}}],"line":22},"5":{"loc":{"start":{"line":22,"column":8},"end":{"line":22,"column":28}},"type":"binary-expr","locations":[{"start":{"line":22,"column":8},"end":{"line":22,"column":17}},{"start":{"line":22,"column":17},"end":{"line":22,"column":28}}],"line":22},"6":{"loc":{"start":{"line":27,"column":20},"end":{"line":27,"column":null}},"type":"binary-expr","locations":[{"start":{"line":27,"column":20},"end":{"line":27,"column":33}},{"start":{"line":27,"column":33},"end":{"line":27,"column":55}},{"start":{"line":27,"column":55},"end":{"line":27,"column":null}}],"line":27},"7":{"loc":{"start":{"line":32,"column":6},"end":{"line":32,"column":null}},"type":"binary-expr","locations":[{"start":{"line":32,"column":6},"end":{"line":32,"column":36}},{"start":{"line":32,"column":36},"end":{"line":32,"column":56}},{"start":{"line":32,"column":56},"end":{"line":32,"column":null}}],"line":32},"8":{"loc":{"start":{"line":34,"column":10},"end":{"line":39,"column":null}},"type":"binary-expr","locations":[{"start":{"line":35,"column":7},"end":{"line":37,"column":null}},{"start":{"line":38,"column":6},"end":{"line":38,"column":null}},{"start":{"line":39,"column":6},"end":{"line":39,"column":null}}],"line":34},"9":{"loc":{"start":{"line":41,"column":25},"end":{"line":43,"column":null}},"type":"cond-expr","locations":[{"start":{"line":42,"column":8},"end":{"line":42,"column":null}},{"start":{"line":43,"column":8},"end":{"line":43,"column":null}}],"line":41},"10":{"loc":{"start":{"line":45,"column":19},"end":{"line":45,"column":null}},"type":"cond-expr","locations":[{"start":{"line":45,"column":48},"end":{"line":45,"column":60}},{"start":{"line":45,"column":60},"end":{"line":45,"column":null}}],"line":45},"11":{"loc":{"start":{"line":53,"column":15},"end":{"line":53,"column":null}},"type":"binary-expr","locations":[{"start":{"line":53,"column":15},"end":{"line":53,"column":28}},{"start":{"line":53,"column":28},"end":{"line":53,"column":null}}],"line":53},"12":{"loc":{"start":{"line":54,"column":14},"end":{"line":54,"column":null}},"type":"binary-expr","locations":[{"start":{"line":54,"column":14},"end":{"line":54,"column":27}},{"start":{"line":54,"column":27},"end":{"line":54,"column":null}}],"line":54},"13":{"loc":{"start":{"line":62,"column":21},"end":{"line":62,"column":null}},"type":"binary-expr","locations":[{"start":{"line":62,"column":21},"end":{"line":62,"column":41}},{"start":{"line":62,"column":41},"end":{"line":62,"column":null}}],"line":62},"14":{"loc":{"start":{"line":75,"column":2},"end":{"line":115,"column":null}},"type":"if","locations":[{"start":{"line":75,"column":2},"end":{"line":115,"column":null}},{"start":{},"end":{}}],"line":75},"15":{"loc":{"start":{"line":75,"column":6},"end":{"line":75,"column":64}},"type":"binary-expr","locations":[{"start":{"line":75,"column":6},"end":{"line":75,"column":38}},{"start":{"line":75,"column":38},"end":{"line":75,"column":64}}],"line":75},"16":{"loc":{"start":{"line":77,"column":6},"end":{"line":77,"column":null}},"type":"if","locations":[{"start":{"line":77,"column":6},"end":{"line":77,"column":null}},{"start":{},"end":{}}],"line":77},"17":{"loc":{"start":{"line":79,"column":30},"end":{"line":79,"column":69}},"type":"binary-expr","locations":[{"start":{"line":79,"column":30},"end":{"line":79,"column":51}},{"start":{"line":79,"column":51},"end":{"line":79,"column":67}},{"start":{"line":79,"column":67},"end":{"line":79,"column":69}}],"line":79},"18":{"loc":{"start":{"line":80,"column":30},"end":{"line":80,"column":69}},"type":"binary-expr","locations":[{"start":{"line":80,"column":30},"end":{"line":80,"column":51}},{"start":{"line":80,"column":51},"end":{"line":80,"column":67}},{"start":{"line":80,"column":67},"end":{"line":80,"column":69}}],"line":80},"19":{"loc":{"start":{"line":82,"column":6},"end":{"line":84,"column":null}},"type":"if","locations":[{"start":{"line":82,"column":6},"end":{"line":84,"column":null}},{"start":{},"end":{}}],"line":82},"20":{"loc":{"start":{"line":82,"column":10},"end":{"line":82,"column":96}},"type":"binary-expr","locations":[{"start":{"line":82,"column":10},"end":{"line":82,"column":23}},{"start":{"line":82,"column":23},"end":{"line":82,"column":36}},{"start":{"line":82,"column":36},"end":{"line":82,"column":67}},{"start":{"line":82,"column":67},"end":{"line":82,"column":96}}],"line":82},"21":{"loc":{"start":{"line":86,"column":19},"end":{"line":86,"column":null}},"type":"binary-expr","locations":[{"start":{"line":86,"column":19},"end":{"line":86,"column":31}},{"start":{"line":86,"column":31},"end":{"line":86,"column":null}}],"line":86},"22":{"loc":{"start":{"line":87,"column":23},"end":{"line":87,"column":null}},"type":"binary-expr","locations":[{"start":{"line":87,"column":23},"end":{"line":87,"column":39}},{"start":{"line":87,"column":39},"end":{"line":87,"column":null}}],"line":87},"23":{"loc":{"start":{"line":88,"column":27},"end":{"line":88,"column":72}},"type":"binary-expr","locations":[{"start":{"line":88,"column":27},"end":{"line":88,"column":38}},{"start":{"line":88,"column":38},"end":{"line":88,"column":72}}],"line":88},"24":{"loc":{"start":{"line":91,"column":6},"end":{"line":91,"column":null}},"type":"if","locations":[{"start":{"line":91,"column":6},"end":{"line":91,"column":null}},{"start":{},"end":{}}],"line":91},"25":{"loc":{"start":{"line":97,"column":6},"end":{"line":97,"column":null}},"type":"if","locations":[{"start":{"line":97,"column":6},"end":{"line":97,"column":null}},{"start":{},"end":{}}],"line":97},"26":{"loc":{"start":{"line":98,"column":6},"end":{"line":98,"column":null}},"type":"if","locations":[{"start":{"line":98,"column":6},"end":{"line":98,"column":null}},{"start":{},"end":{}}],"line":98},"27":{"loc":{"start":{"line":104,"column":26},"end":{"line":104,"column":null}},"type":"cond-expr","locations":[{"start":{"line":104,"column":36},"end":{"line":104,"column":54}},{"start":{"line":104,"column":54},"end":{"line":104,"column":null}}],"line":104},"28":{"loc":{"start":{"line":107,"column":22},"end":{"line":107,"column":null}},"type":"binary-expr","locations":[{"start":{"line":107,"column":22},"end":{"line":107,"column":49}},{"start":{"line":107,"column":49},"end":{"line":107,"column":71}},{"start":{"line":107,"column":71},"end":{"line":107,"column":null}}],"line":107},"29":{"loc":{"start":{"line":108,"column":22},"end":{"line":108,"column":null}},"type":"binary-expr","locations":[{"start":{"line":108,"column":22},"end":{"line":108,"column":49}},{"start":{"line":108,"column":49},"end":{"line":108,"column":71}},{"start":{"line":108,"column":71},"end":{"line":108,"column":null}}],"line":108},"30":{"loc":{"start":{"line":119,"column":4},"end":{"line":119,"column":null}},"type":"if","locations":[{"start":{"line":119,"column":4},"end":{"line":119,"column":null}},{"start":{},"end":{}}],"line":119},"31":{"loc":{"start":{"line":119,"column":8},"end":{"line":119,"column":28}},"type":"binary-expr","locations":[{"start":{"line":119,"column":8},"end":{"line":119,"column":17}},{"start":{"line":119,"column":17},"end":{"line":119,"column":28}}],"line":119},"32":{"loc":{"start":{"line":122,"column":4},"end":{"line":162,"column":null}},"type":"if","locations":[{"start":{"line":122,"column":4},"end":{"line":162,"column":null}},{"start":{},"end":{}}],"line":122},"33":{"loc":{"start":{"line":124,"column":8},"end":{"line":124,"column":null}},"type":"if","locations":[{"start":{"line":124,"column":8},"end":{"line":124,"column":null}},{"start":{},"end":{}}],"line":124},"34":{"loc":{"start":{"line":126,"column":10},"end":{"line":126,"column":null}},"type":"binary-expr","locations":[{"start":{"line":126,"column":10},"end":{"line":126,"column":26}},{"start":{"line":126,"column":26},"end":{"line":126,"column":41}},{"start":{"line":126,"column":41},"end":{"line":126,"column":64}},{"start":{"line":126,"column":64},"end":{"line":126,"column":92}},{"start":{"line":126,"column":92},"end":{"line":126,"column":null}}],"line":126},"35":{"loc":{"start":{"line":129,"column":8},"end":{"line":131,"column":null}},"type":"if","locations":[{"start":{"line":129,"column":8},"end":{"line":131,"column":null}},{"start":{},"end":{}}],"line":129},"36":{"loc":{"start":{"line":129,"column":12},"end":{"line":129,"column":54}},"type":"binary-expr","locations":[{"start":{"line":129,"column":12},"end":{"line":129,"column":25}},{"start":{"line":129,"column":25},"end":{"line":129,"column":54}}],"line":129},"37":{"loc":{"start":{"line":133,"column":21},"end":{"line":133,"column":null}},"type":"binary-expr","locations":[{"start":{"line":133,"column":21},"end":{"line":133,"column":33}},{"start":{"line":133,"column":33},"end":{"line":133,"column":null}}],"line":133},"38":{"loc":{"start":{"line":134,"column":25},"end":{"line":134,"column":null}},"type":"binary-expr","locations":[{"start":{"line":134,"column":25},"end":{"line":134,"column":41}},{"start":{"line":134,"column":41},"end":{"line":134,"column":null}}],"line":134},"39":{"loc":{"start":{"line":137,"column":8},"end":{"line":137,"column":null}},"type":"if","locations":[{"start":{"line":137,"column":8},"end":{"line":137,"column":null}},{"start":{},"end":{}}],"line":137},"40":{"loc":{"start":{"line":140,"column":23},"end":{"line":140,"column":null}},"type":"cond-expr","locations":[{"start":{"line":140,"column":33},"end":{"line":140,"column":51}},{"start":{"line":140,"column":51},"end":{"line":140,"column":null}}],"line":140},"41":{"loc":{"start":{"line":144,"column":8},"end":{"line":144,"column":null}},"type":"if","locations":[{"start":{"line":144,"column":8},"end":{"line":144,"column":null}},{"start":{},"end":{}}],"line":144},"42":{"loc":{"start":{"line":145,"column":8},"end":{"line":145,"column":null}},"type":"if","locations":[{"start":{"line":145,"column":8},"end":{"line":145,"column":null}},{"start":{},"end":{}}],"line":145},"43":{"loc":{"start":{"line":151,"column":28},"end":{"line":151,"column":null}},"type":"cond-expr","locations":[{"start":{"line":151,"column":38},"end":{"line":151,"column":56}},{"start":{"line":151,"column":56},"end":{"line":151,"column":null}}],"line":151},"44":{"loc":{"start":{"line":154,"column":24},"end":{"line":154,"column":null}},"type":"binary-expr","locations":[{"start":{"line":154,"column":24},"end":{"line":154,"column":37}},{"start":{"line":154,"column":37},"end":{"line":154,"column":null}}],"line":154},"45":{"loc":{"start":{"line":155,"column":24},"end":{"line":155,"column":null}},"type":"binary-expr","locations":[{"start":{"line":155,"column":24},"end":{"line":155,"column":51}},{"start":{"line":155,"column":51},"end":{"line":155,"column":null}}],"line":155},"46":{"loc":{"start":{"line":172,"column":38},"end":{"line":172,"column":53}},"type":"default-arg","locations":[{"start":{"line":172,"column":49},"end":{"line":172,"column":53}}],"line":172},"47":{"loc":{"start":{"line":173,"column":40},"end":{"line":173,"column":94}},"type":"binary-expr","locations":[{"start":{"line":173,"column":40},"end":{"line":173,"column":65}},{"start":{"line":173,"column":65},"end":{"line":173,"column":78}},{"start":{"line":173,"column":78},"end":{"line":173,"column":94}}],"line":173},"48":{"loc":{"start":{"line":174,"column":40},"end":{"line":174,"column":93}},"type":"binary-expr","locations":[{"start":{"line":174,"column":40},"end":{"line":174,"column":65}},{"start":{"line":174,"column":65},"end":{"line":174,"column":78}},{"start":{"line":174,"column":78},"end":{"line":174,"column":93}}],"line":174},"49":{"loc":{"start":{"line":181,"column":4},"end":{"line":183,"column":null}},"type":"if","locations":[{"start":{"line":181,"column":4},"end":{"line":183,"column":null}},{"start":{},"end":{}}],"line":181},"50":{"loc":{"start":{"line":181,"column":8},"end":{"line":181,"column":55}},"type":"binary-expr","locations":[{"start":{"line":181,"column":8},"end":{"line":181,"column":24}},{"start":{"line":181,"column":24},"end":{"line":181,"column":55}}],"line":181},"51":{"loc":{"start":{"line":184,"column":14},"end":{"line":184,"column":null}},"type":"binary-expr","locations":[{"start":{"line":184,"column":14},"end":{"line":184,"column":29}},{"start":{"line":184,"column":29},"end":{"line":184,"column":null}}],"line":184},"52":{"loc":{"start":{"line":185,"column":21},"end":{"line":185,"column":43}},"type":"binary-expr","locations":[{"start":{"line":185,"column":21},"end":{"line":185,"column":38}},{"start":{"line":185,"column":38},"end":{"line":185,"column":43}}],"line":185},"53":{"loc":{"start":{"line":187,"column":16},"end":{"line":187,"column":null}},"type":"binary-expr","locations":[{"start":{"line":187,"column":16},"end":{"line":187,"column":38}},{"start":{"line":187,"column":38},"end":{"line":187,"column":null}}],"line":187},"54":{"loc":{"start":{"line":188,"column":22},"end":{"line":188,"column":45}},"type":"binary-expr","locations":[{"start":{"line":188,"column":22},"end":{"line":188,"column":40}},{"start":{"line":188,"column":40},"end":{"line":188,"column":45}}],"line":188}},"s":{"0":13,"1":7,"2":6,"3":6,"4":6,"5":6,"6":6,"7":14,"8":0,"9":14,"10":14,"11":14,"12":14,"13":14,"14":14,"15":14,"16":14,"17":14,"18":14,"19":14,"20":14,"21":6,"22":6,"23":5,"24":10,"25":0,"26":10,"27":10,"28":10,"29":2,"30":8,"31":10,"32":10,"33":10,"34":10,"35":1,"36":7,"37":7,"38":7,"39":7,"40":7,"41":7,"42":7,"43":7,"44":6,"45":14,"46":0,"47":14,"48":14,"49":14,"50":0,"51":0,"52":0,"53":0,"54":0,"55":0,"56":0,"57":0,"58":0,"59":0,"60":0,"61":0,"62":0,"63":0,"64":0,"65":0,"66":0,"67":0,"68":0,"69":6,"70":7,"71":11,"72":7,"73":11,"74":7,"75":7,"76":7,"77":7,"78":7,"79":7,"80":7,"81":7,"82":7,"83":7,"84":7},"f":{"0":13,"1":14,"2":10,"3":14,"4":0,"5":7,"6":11,"7":11,"8":7},"b":{"0":[13],"1":[13],"2":[7,6],"3":[13,12],"4":[0,14],"5":[14,14],"6":[14,0,0],"7":[14,0,0],"8":[14,0,0],"9":[14,0],"10":[1,13],"11":[14,0],"12":[14,0],"13":[14,0],"14":[5,1],"15":[6,6],"16":[0,10],"17":[10,10,0],"18":[10,10,0],"19":[2,8],"20":[10,10,10,10],"21":[8,0],"22":[10,0],"23":[10,0],"24":[1,9],"25":[7,0],"26":[7,0],"27":[7,0],"28":[10,0,0],"29":[10,0,0],"30":[0,14],"31":[14,14],"32":[14,0],"33":[0,0],"34":[0,0,0,0,0],"35":[0,0],"36":[0,0],"37":[0,0],"38":[0,0],"39":[0,0],"40":[0,0],"41":[0,0],"42":[0,0],"43":[0,0],"44":[0,0],"45":[0,0],"46":[7],"47":[11,4,0],"48":[11,7,0],"49":[7,0],"50":[7,7],"51":[7,0],"52":[7,7],"53":[7,0],"54":[7,4]},"meta":{"lastBranch":55,"lastFunction":9,"lastStatement":85,"seen":{"f:10:16:10:42":0,"b:10:55:10:59":0,"b:10:75:10:79":1,"b:11:2:13:Infinity:undefined:undefined:undefined:undefined":2,"s:11:2:13:Infinity":0,"b:11:6:11:36:11:36:11:61":3,"s:12:4:12:Infinity":1,"s:15:23:15:Infinity":2,"s:16:16:16:Infinity":3,"s:17:16:17:Infinity":4,"s:18:18:18:Infinity":5,"s:21:2:70:Infinity":6,"f:21:13:21:22":1,"b:22:4:22:Infinity:undefined:undefined:undefined:undefined":4,"s:22:4:22:Infinity":7,"b:22:8:22:17:22:17:22:28":5,"s:22:28:22:Infinity":8,"s:24:15:24:Infinity":9,"s:25:4:25:Infinity":10,"s:27:20:27:Infinity":11,"b:27:20:27:33:27:33:27:55:27:55:27:Infinity":6,"s:29:6:29:Infinity":12,"s:32:6:32:Infinity":13,"b:32:6:32:36:32:36:32:56:32:56:32:Infinity":7,"s:34:10:39:Infinity":14,"b:35:7:37:Infinity:38:6:38:Infinity:39:6:39:Infinity":8,"s:41:25:43:Infinity":15,"b:42:8:42:Infinity:43:8:43:Infinity":9,"s:45:19:45:Infinity":16,"b:45:48:45:60:45:60:45:Infinity":10,"s:46:17:46:Infinity":17,"s:48:24:66:Infinity":18,"b:53:15:53:28:53:28:53:Infinity":11,"b:54:14:54:27:54:27:54:Infinity":12,"b:62:21:62:41:62:41:62:Infinity":13,"s:68:4:68:Infinity":19,"s:69:4:69:Infinity":20,"s:73:19:73:Infinity":21,"b:75:2:115:Infinity:undefined:undefined:undefined:undefined":14,"s:75:2:115:Infinity":22,"b:75:6:75:38:75:38:75:64":15,"s:76:4:114:Infinity":23,"f:76:18:76:27":2,"b:77:6:77:Infinity:undefined:undefined:undefined:undefined":16,"s:77:6:77:Infinity":24,"s:77:16:77:Infinity":25,"s:79:23:79:Infinity":26,"b:79:30:79:51:79:51:79:67:79:67:79:69":17,"s:80:23:80:Infinity":27,"b:80:30:80:51:80:51:80:67:80:67:80:69":18,"b:82:6:84:Infinity:undefined:undefined:undefined:undefined":19,"s:82:6:84:Infinity":28,"b:82:10:82:23:82:23:82:36:82:36:82:67:82:67:82:96":20,"s:83:8:83:Infinity":29,"s:86:19:86:Infinity":30,"b:86:19:86:31:86:31:86:Infinity":21,"s:87:23:87:Infinity":31,"b:87:23:87:39:87:39:87:Infinity":22,"s:88:20:88:Infinity":32,"b:88:27:88:38:88:38:88:72":23,"s:89:24:89:Infinity":33,"b:91:6:91:Infinity:undefined:undefined:undefined:undefined":24,"s:91:6:91:Infinity":34,"s:91:35:91:Infinity":35,"s:92:6:92:Infinity":36,"s:94:25:94:Infinity":37,"s:95:25:95:Infinity":38,"b:97:6:97:Infinity:undefined:undefined:undefined:undefined":25,"s:97:6:97:Infinity":39,"s:97:22:97:Infinity":40,"b:98:6:98:Infinity:undefined:undefined:undefined:undefined":26,"s:98:6:98:Infinity":41,"s:98:22:98:Infinity":42,"s:100:6:113:Infinity":43,"b:104:36:104:54:104:54:104:Infinity":27,"b:107:22:107:49:107:49:107:71:107:71:107:Infinity":28,"b:108:22:108:49:108:49:108:71:108:71:108:Infinity":29,"s:118:2:163:Infinity":44,"f:118:13:118:22":3,"b:119:4:119:Infinity:undefined:undefined:undefined:undefined":30,"s:119:4:119:Infinity":45,"b:119:8:119:17:119:17:119:28":31,"s:119:28:119:Infinity":46,"s:120:21:120:Infinity":47,"b:122:4:162:Infinity:undefined:undefined:undefined:undefined":32,"s:122:4:162:Infinity":48,"s:123:6:161:Infinity":49,"f:123:25:123:34":4,"b:124:8:124:Infinity:undefined:undefined:undefined:undefined":33,"s:124:8:124:Infinity":50,"s:124:18:124:Infinity":51,"s:125:25:127:Infinity":52,"b:126:10:126:26:126:26:126:41:126:41:126:64:126:64:126:92:126:92:126:Infinity":34,"b:129:8:131:Infinity:undefined:undefined:undefined:undefined":35,"s:129:8:131:Infinity":53,"b:129:12:129:25:129:25:129:54":36,"s:130:10:130:Infinity":54,"s:133:21:133:Infinity":55,"b:133:21:133:33:133:33:133:Infinity":37,"s:134:25:134:Infinity":56,"b:134:25:134:41:134:41:134:Infinity":38,"s:135:26:135:Infinity":57,"b:137:8:137:Infinity:undefined:undefined:undefined:undefined":39,"s:137:8:137:Infinity":58,"s:137:37:137:Infinity":59,"s:138:8:138:Infinity":60,"s:140:23:140:Infinity":61,"b:140:33:140:51:140:51:140:Infinity":40,"s:141:27:141:Infinity":62,"s:142:27:142:Infinity":63,"b:144:8:144:Infinity:undefined:undefined:undefined:undefined":41,"s:144:8:144:Infinity":64,"s:144:24:144:Infinity":65,"b:145:8:145:Infinity:undefined:undefined:undefined:undefined":42,"s:145:8:145:Infinity":66,"s:145:24:145:Infinity":67,"s:147:8:160:Infinity":68,"b:151:38:151:56:151:56:151:Infinity":43,"b:154:24:154:37:154:37:154:Infinity":44,"b:155:24:155:51:155:51:155:Infinity":45,"s:165:2:165:Infinity":69,"f:172:16:172:38":5,"b:172:49:172:53":46,"s:173:16:173:Infinity":70,"f:173:25:173:33":6,"s:173:40:173:94":71,"b:173:40:173:65:173:65:173:78:173:78:173:94":47,"s:174:16:174:Infinity":72,"f:174:25:174:33":7,"s:174:40:174:93":73,"b:174:40:174:65:174:65:174:78:174:78:174:93":48,"s:176:22:176:Infinity":74,"s:177:21:177:Infinity":75,"s:178:20:178:Infinity":76,"s:180:2:189:Infinity":77,"f:180:8:180:17":8,"b:181:4:183:Infinity:undefined:undefined:undefined:undefined":49,"s:181:4:183:Infinity":78,"b:181:8:181:24:181:24:181:55":50,"s:182:6:182:Infinity":79,"s:184:14:184:Infinity":80,"b:184:14:184:29:184:29:184:Infinity":51,"s:185:4:185:Infinity":81,"b:185:21:185:38:185:38:185:43":52,"s:187:16:187:Infinity":82,"b:187:16:187:38:187:38:187:Infinity":53,"s:188:4:188:Infinity":83,"b:188:22:188:40:188:40:188:45":54,"s:191:2:197:Infinity":84},"fnNames":{}}}
}
